#
# A fatal error has been detected by the Java Runtime Environment:
#
#  EXCEPTION_ACCESS_VIOLATION (0xc0000005) at pc=0x00007fff8d489693, pid=2272, tid=13304
#
# JRE version: 7.0_11-b21
# Java VM: Java HotSpot(TM) 64-Bit Server VM (23.6-b04 mixed mode windows-amd64 compressed oops)
# Problematic frame:
# C  [msvcrt.dll+0x79693]  memcpy+0x113
#
# Failed to write core dump. Minidumps are not enabled by default on client versions of Windows
#
# If you would like to submit a bug report, please visit:
#   http://bugreport.sun.com/bugreport/crash.jsp
# The crash happened outside the Java Virtual Machine in native code.
# See problematic frame for where to report the bug.
#

---------------  T H R E A D  ---------------

Current thread (0x000000000a598800):  JavaThread "Thread-4" [_thread_in_native, id=13304, stack(0x000000000b120000,0x000000000b220000)]

siginfo: ExceptionCode=0xc0000005, writing address 0x0000000000000010

Registers:
RAX=0x0000000000000010, RBX=0x000000000000021c, RCX=0x0000000000000020, RDX=0x000000000ef35450
RSP=0x000000000b21e6b8, RBP=0x000000000ca86790, RSI=0x000000000d4ede70, RDI=0x0000000000000010
R8 =0x0000000000000030, R9 =0x000000000000000e, R10=0x00000000000003c0, R11=0x000000000ef35820
R12=0x0000000000000001, R13=0x000000000ca0abf0, R14=0x000000000ef35460, R15=0x00000000002e5649
RIP=0x00007fff8d489693, EFLAGS=0x0000000000010206

Top of Stack: (sp=0x000000000b21e6b8)
0x000000000b21e6b8:   000000006eb63c8f 000000000b21e600
0x000000000b21e6c8:   0000000064fabea6 0000000000a60318
0x000000000b21e6d8:   00000000000001e0 0000000000a60cc0
0x000000000b21e6e8:   000000000a598800 000000000b21eb20
0x000000000b21e6f8:   00000000000001d8 00000000000003c0
0x000000000b21e708:   000000000ca31060 000000000ca86790
0x000000000b21e718:   0000000000000000 00000000000003c0
0x000000000b21e728:   0000000000000000 0000000000000001
0x000000000b21e738:   000000000ef35460 0000000100000001
0x000000000b21e748:   0000000000000001 0000000100000001
0x000000000b21e758:   0000000100000001 0000000000000000
0x000000000b21e768:   0000000000000000 000000000b21e7f0
0x000000000b21e778:   000000000ca0abf0 000000000b21e850
0x000000000b21e788:   000000000b21e8ac 000000000d4ede70
0x000000000b21e798:   000000000e739040 00000000bee8e510
0x000000000b21e7a8:   000000000b21f0b0 000000000a598800 

Instructions: (pc=0x00007fff8d489693)
0x00007fff8d489673:   66 66 66 66 66 0f 1f 84 00 00 00 00 00 0f 10 0c
0x00007fff8d489683:   11 0f 10 54 11 10 0f 10 5c 11 20 0f 10 64 11 30
0x00007fff8d489693:   0f 29 41 f0 48 83 c1 40 49 ff c9 0f 29 49 c0 0f
0x00007fff8d4896a3:   29 51 d0 0f 29 59 e0 0f 28 c4 75 d1 4d 8b c8 49 


Register to memory mapping:

RAX=0x0000000000000010 is an unknown value
RBX=0x000000000000021c is an unknown value
RCX=0x0000000000000020 is an unknown value
RDX=0x000000000ef35450 is an unknown value
RSP=0x000000000b21e6b8 is pointing into the stack for thread: 0x000000000a598800
RBP=0x000000000ca86790 is an unknown value
RSI=0x000000000d4ede70 is an unknown value
RDI=0x0000000000000010 is an unknown value
R8 =0x0000000000000030 is an unknown value
R9 =0x000000000000000e is an unknown value
R10=0x00000000000003c0 is an unknown value
R11=0x000000000ef35820 is an unknown value
R12=0x0000000000000001 is an unknown value
R13=0x000000000ca0abf0 is an unknown value
R14=0x000000000ef35460 is an unknown value
R15=0x00000000002e5649 is an unknown value


Stack: [0x000000000b120000,0x000000000b220000],  sp=0x000000000b21e6b8,  free space=1017k
Native frames: (J=compiled Java code, j=interpreted, Vv=VM code, C=native code)
C  [msvcrt.dll+0x79693]  memcpy+0x113

[error occurred during error reporting (printing native stack), id 0xc0000005]

Java frames: (J=compiled Java code, j=interpreted, Vv=VM code)
j  com.xuggle.xuggler.XugglerJNI.IStreamCoder_encodeVideo(JLcom/xuggle/xuggler/IStreamCoder;JLcom/xuggle/xuggler/IPacket;JLcom/xuggle/xuggler/IVideoPicture;I)I+0
j  com.xuggle.xuggler.IStreamCoder.encodeVideo(Lcom/xuggle/xuggler/IPacket;Lcom/xuggle/xuggler/IVideoPicture;I)I+16
j  com.xuggle.mediatool.MediaWriter.encodeVideo(ILcom/xuggle/xuggler/IVideoPicture;Ljava/awt/image/BufferedImage;)V+141
j  com.xuggle.mediatool.MediaWriter.encodeVideo(ILjava/awt/image/BufferedImage;JLjava/util/concurrent/TimeUnit;)V+67
j  com.screen_recorder.Recorder.Writer.run()V+32
j  java.lang.Thread.run()V+11
v  ~StubRoutines::call_stub

---------------  P R O C E S S  ---------------

Java Threads: ( => current thread )
=>0x000000000a598800 JavaThread "Thread-4" [_thread_in_native, id=13304, stack(0x000000000b120000,0x000000000b220000)]
  0x00000000024ed800 JavaThread "DestroyJavaVM" [_thread_blocked, id=13544, stack(0x0000000002350000,0x0000000002450000)]
  0x000000000a472800 JavaThread "AWT-EventQueue-0" [_thread_blocked, id=6544, stack(0x000000000b4c0000,0x000000000b5c0000)]
  0x000000000a335800 JavaThread "Thread-1" [_thread_blocked, id=15656, stack(0x000000000b3c0000,0x000000000b4c0000)]
  0x000000000a263000 JavaThread "AWT-Windows" daemon [_thread_in_native, id=3416, stack(0x000000000a9c0000,0x000000000aac0000)]
  0x000000000a262800 JavaThread "AWT-Shutdown" [_thread_blocked, id=4872, stack(0x000000000a8c0000,0x000000000a9c0000)]
  0x000000000a2ba800 JavaThread "Java2D Disposer" daemon [_thread_blocked, id=11432, stack(0x000000000a750000,0x000000000a850000)]
  0x000000000884a800 JavaThread "Service Thread" daemon [_thread_blocked, id=15800, stack(0x000000000a000000,0x000000000a100000)]
  0x0000000008844000 JavaThread "C2 CompilerThread1" daemon [_thread_blocked, id=14396, stack(0x0000000009f00000,0x000000000a000000)]
  0x000000000883f000 JavaThread "C2 CompilerThread0" daemon [_thread_blocked, id=2588, stack(0x0000000009e00000,0x0000000009f00000)]
  0x000000000883d800 JavaThread "Attach Listener" daemon [_thread_blocked, id=15912, stack(0x0000000009d00000,0x0000000009e00000)]
  0x000000000883a000 JavaThread "Signal Dispatcher" daemon [_thread_blocked, id=14780, stack(0x0000000009c00000,0x0000000009d00000)]
  0x00000000087d6800 JavaThread "Finalizer" daemon [_thread_blocked, id=15840, stack(0x0000000009b00000,0x0000000009c00000)]
  0x00000000087cd800 JavaThread "Reference Handler" daemon [_thread_blocked, id=9576, stack(0x0000000009a00000,0x0000000009b00000)]

Other Threads:
  0x00000000087c6000 VMThread [stack: 0x0000000009900000,0x0000000009a00000] [id=3648]
  0x000000000885b800 WatcherThread [stack: 0x000000000a100000,0x000000000a200000] [id=2656]

VM state:not at safepoint (normal execution)

VM Mutex/Monitor currently owned by a thread: None

Heap
 PSYoungGen      total 203584K, used 32547K [0x00000000ebe00000, 0x00000000f8610000, 0x0000000100000000)
  eden space 203392K, 15% used [0x00000000ebe00000,0x00000000edd98db8,0x00000000f84a0000)
  from space 192K, 100% used [0x00000000f85e0000,0x00000000f8610000,0x00000000f8610000)
  to   space 256K, 0% used [0x00000000f8590000,0x00000000f8590000,0x00000000f85d0000)
 ParOldGen       total 236352K, used 101783K [0x00000000c3a00000, 0x00000000d20d0000, 0x00000000ebe00000)
  object space 236352K, 43% used [0x00000000c3a00000,0x00000000c9d65d88,0x00000000d20d0000)
 PSPermGen       total 21248K, used 10360K [0x00000000be800000, 0x00000000bfcc0000, 0x00000000c3a00000)
  object space 21248K, 48% used [0x00000000be800000,0x00000000bf21e098,0x00000000bfcc0000)

Card table byte_map: [0x00000000056b0000,0x00000000058c0000] byte_map_base: 0x00000000050bc000

Polling page: 0x0000000000af0000

Code Cache  [0x00000000025f0000, 0x0000000002860000, 0x00000000055f0000)
 total_blobs=546 nmethods=95 adapters=402 free_code_cache=48504Kb largest_free_block=49639104

Compilation events (10 events):
Event: 48.251 Thread 0x0000000008844000 nmethod 90 0x0000000002695c50 code [0x0000000002695d80, 0x0000000002695dd8]
Event: 48.251 Thread 0x000000000883f000 nmethod 89 0x0000000002695890 code [0x00000000026959e0, 0x0000000002695af8]
Event: 48.483 Thread 0x0000000008844000   91             sun.java2d.pipe.Region::getIntersectionXYXY (108 bytes)
Event: 48.483 Thread 0x000000000883f000   92             sun.java2d.pipe.Region::isInsideXYXY (39 bytes)
Event: 48.483 Thread 0x000000000883f000 nmethod 92 0x0000000002695690 code [0x00000000026957c0, 0x0000000002695838]
Event: 48.487 Thread 0x0000000008844000 nmethod 91 0x0000000002695210 code [0x0000000002695380, 0x0000000002695518]
Event: 49.750 Thread 0x000000000883f000   93             java.lang.ref.SoftReference::get (29 bytes)
Event: 49.751 Thread 0x000000000883f000 nmethod 93 0x0000000002694fd0 code [0x0000000002695100, 0x0000000002695198]
Event: 50.386 Thread 0x0000000008844000   94             java.awt.Component::getFont_NoClientCode (29 bytes)
Event: 50.386 Thread 0x0000000008844000 nmethod 94 0x0000000002694cd0 code [0x0000000002694e20, 0x0000000002694ec8]

GC Heap History (10 events):
Event: 47.787 GC heap before
{Heap before GC invocations=154 (full 10):
 PSYoungGen      total 171520K, used 165509K [0x00000000ebe00000, 0x00000000f7180000, 0x0000000100000000)
  eden space 171200K, 96% used [0x00000000ebe00000,0x00000000f5f79458,0x00000000f6530000)
  from space 320K, 50% used [0x00000000f6530000,0x00000000f6558000,0x00000000f6580000)
  to   space 256K, 0% used [0x00000000f7140000,0x00000000f7140000,0x00000000f7180000)
 ParOldGen       total 236352K, used 28883K [0x00000000c3a00000, 0x00000000d20d0000, 0x00000000ebe00000)
  object space 236352K, 12% used [0x00000000c3a00000,0x00000000c5634cf8,0x00000000d20d0000)
 PSPermGen       total 21248K, used 10339K [0x00000000be800000, 0x00000000bfcc0000, 0x00000000c3a00000)
  object space 21248K, 48% used [0x00000000be800000,0x00000000bf218e98,0x00000000bfcc0000)
Event: 47.791 GC heap after
Heap after GC invocations=154 (full 10):
 PSYoungGen      total 183552K, used 160K [0x00000000ebe00000, 0x00000000f71b0000, 0x0000000100000000)
  eden space 183296K, 0% used [0x00000000ebe00000,0x00000000ebe00000,0x00000000f7100000)
  from space 256K, 62% used [0x00000000f7140000,0x00000000f7168000,0x00000000f7180000)
  to   space 256K, 0% used [0x00000000f7100000,0x00000000f7100000,0x00000000f7140000)
 ParOldGen       total 236352K, used 53183K [0x00000000c3a00000, 0x00000000d20d0000, 0x00000000ebe00000)
  object space 236352K, 22% used [0x00000000c3a00000,0x00000000c6defd28,0x00000000d20d0000)
 PSPermGen       total 21248K, used 10339K [0x00000000be800000, 0x00000000bfcc0000, 0x00000000c3a00000)
  object space 21248K, 48% used [0x00000000be800000,0x00000000bf218e98,0x00000000bfcc0000)
}
Event: 48.534 GC heap before
{Heap before GC invocations=155 (full 10):
 PSYoungGen      total 183552K, used 176527K [0x00000000ebe00000, 0x00000000f71b0000, 0x0000000100000000)
  eden space 183296K, 96% used [0x00000000ebe00000,0x00000000f6a3bff0,0x00000000f7100000)
  from space 256K, 62% used [0x00000000f7140000,0x00000000f7168000,0x00000000f7180000)
  to   space 256K, 0% used [0x00000000f7100000,0x00000000f7100000,0x00000000f7140000)
 ParOldGen       total 236352K, used 53183K [0x00000000c3a00000, 0x00000000d20d0000, 0x00000000ebe00000)
  object space 236352K, 22% used [0x00000000c3a00000,0x00000000c6defd28,0x00000000d20d0000)
 PSPermGen       total 21248K, used 10341K [0x00000000be800000, 0x00000000bfcc0000, 0x00000000c3a00000)
  object space 21248K, 48% used [0x00000000be800000,0x00000000bf219798,0x00000000bfcc0000)
Event: 48.534 GC heap after
Heap after GC invocations=155 (full 10):
 PSYoungGen      total 183552K, used 160K [0x00000000ebe00000, 0x00000000f7c40000, 0x0000000100000000)
  eden space 183296K, 0% used [0x00000000ebe00000,0x00000000ebe00000,0x00000000f7100000)
  from space 256K, 62% used [0x00000000f7100000,0x00000000f7128000,0x00000000f7140000)
  to   space 256K, 0% used [0x00000000f7c00000,0x00000000f7c00000,0x00000000f7c40000)
 ParOldGen       total 236352K, used 53183K [0x00000000c3a00000, 0x00000000d20d0000, 0x00000000ebe00000)
  object space 236352K, 22% used [0x00000000c3a00000,0x00000000c6defd28,0x00000000d20d0000)
 PSPermGen       total 21248K, used 10341K [0x00000000be800000, 0x00000000bfcc0000, 0x00000000c3a00000)
  object space 21248K, 48% used [0x00000000be800000,0x00000000bf219798,0x00000000bfcc0000)
}
Event: 49.301 GC heap before
{Heap before GC invocations=156 (full 10):
 PSYoungGen      total 183552K, used 178551K [0x00000000ebe00000, 0x00000000f7c40000, 0x0000000100000000)
  eden space 183296K, 97% used [0x00000000ebe00000,0x00000000f6c35ed0,0x00000000f7100000)
  from space 256K, 62% used [0x00000000f7100000,0x00000000f7128000,0x00000000f7140000)
  to   space 256K, 0% used [0x00000000f7c00000,0x00000000f7c00000,0x00000000f7c40000)
 ParOldGen       total 236352K, used 53183K [0x00000000c3a00000, 0x00000000d20d0000, 0x00000000ebe00000)
  object space 236352K, 22% used [0x00000000c3a00000,0x00000000c6defd28,0x00000000d20d0000)
 PSPermGen       total 21248K, used 10341K [0x00000000be800000, 0x00000000bfcc0000, 0x00000000c3a00000)
  object space 21248K, 48% used [0x00000000be800000,0x00000000bf219798,0x00000000bfcc0000)
Event: 49.305 GC heap after
Heap after GC invocations=156 (full 10):
 PSYoungGen      total 193920K, used 192K [0x00000000ebe00000, 0x00000000f7c30000, 0x0000000100000000)
  eden space 193728K, 0% used [0x00000000ebe00000,0x00000000ebe00000,0x00000000f7b30000)
  from space 192K, 100% used [0x00000000f7c00000,0x00000000f7c30000,0x00000000f7c30000)
  to   space 256K, 0% used [0x00000000f7bb0000,0x00000000f7bb0000,0x00000000f7bf0000)
 ParOldGen       total 236352K, used 77483K [0x00000000c3a00000, 0x00000000d20d0000, 0x00000000ebe00000)
  object space 236352K, 32% used [0x00000000c3a00000,0x00000000c85aad58,0x00000000d20d0000)
 PSPermGen       total 21248K, used 10341K [0x00000000be800000, 0x00000000bfcc0000, 0x00000000c3a00000)
  object space 21248K, 48% used [0x00000000be800000,0x00000000bf219798,0x00000000bfcc0000)
}
Event: 50.054 GC heap before
{Heap before GC invocations=157 (full 10):
 PSYoungGen      total 193920K, used 188624K [0x00000000ebe00000, 0x00000000f7c30000, 0x0000000100000000)
  eden space 193728K, 97% used [0x00000000ebe00000,0x00000000f7604340,0x00000000f7b30000)
  from space 192K, 100% used [0x00000000f7c00000,0x00000000f7c30000,0x00000000f7c30000)
  to   space 256K, 0% used [0x00000000f7bb0000,0x00000000f7bb0000,0x00000000f7bf0000)
 ParOldGen       total 236352K, used 77483K [0x00000000c3a00000, 0x00000000d20d0000, 0x00000000ebe00000)
  object space 236352K, 32% used [0x00000000c3a00000,0x00000000c85aad58,0x00000000d20d0000)
 PSPermGen       total 21248K, used 10343K [0x00000000be800000, 0x00000000bfcc0000, 0x00000000c3a00000)
  object space 21248K, 48% used [0x00000000be800000,0x00000000bf219ee8,0x00000000bfcc0000)
Event: 50.058 GC heap after
Heap after GC invocations=157 (full 10):
 PSYoungGen      total 194496K, used 192K [0x00000000ebe00000, 0x00000000f8620000, 0x0000000100000000)
  eden space 194240K, 0% used [0x00000000ebe00000,0x00000000ebe00000,0x00000000f7bb0000)
  from space 256K, 75% used [0x00000000f7bb0000,0x00000000f7be0000,0x00000000f7bf0000)
  to   space 256K, 0% used [0x00000000f85e0000,0x00000000f85e0000,0x00000000f8620000)
 ParOldGen       total 236352K, used 101783K [0x00000000c3a00000, 0x00000000d20d0000, 0x00000000ebe00000)
  object space 236352K, 43% used [0x00000000c3a00000,0x00000000c9d65d88,0x00000000d20d0000)
 PSPermGen       total 21248K, used 10343K [0x00000000be800000, 0x00000000bfcc0000, 0x00000000c3a00000)
  object space 21248K, 48% used [0x00000000be800000,0x00000000bf219ee8,0x00000000bfcc0000)
}
Event: 50.868 GC heap before
{Heap before GC invocations=158 (full 10):
 PSYoungGen      total 194496K, used 193360K [0x00000000ebe00000, 0x00000000f8620000, 0x0000000100000000)
  eden space 194240K, 99% used [0x00000000ebe00000,0x00000000f7aa4200,0x00000000f7bb0000)
  from space 256K, 75% used [0x00000000f7bb0000,0x00000000f7be0000,0x00000000f7bf0000)
  to   space 256K, 0% used [0x00000000f85e0000,0x00000000f85e0000,0x00000000f8620000)
 ParOldGen       total 236352K, used 101783K [0x00000000c3a00000, 0x00000000d20d0000, 0x00000000ebe00000)
  object space 236352K, 43% used [0x00000000c3a00000,0x00000000c9d65d88,0x00000000d20d0000)
 PSPermGen       total 21248K, used 10351K [0x00000000be800000, 0x00000000bfcc0000, 0x00000000c3a00000)
  object space 21248K, 48% used [0x00000000be800000,0x00000000bf21bc88,0x00000000bfcc0000)
Event: 50.869 GC heap after
Heap after GC invocations=158 (full 10):
 PSYoungGen      total 203584K, used 192K [0x00000000ebe00000, 0x00000000f8610000, 0x0000000100000000)
  eden space 203392K, 0% used [0x00000000ebe00000,0x00000000ebe00000,0x00000000f84a0000)
  from space 192K, 100% used [0x00000000f85e0000,0x00000000f8610000,0x00000000f8610000)
  to   space 256K, 0% used [0x00000000f8590000,0x00000000f8590000,0x00000000f85d0000)
 ParOldGen       total 236352K, used 101783K [0x00000000c3a00000, 0x00000000d20d0000, 0x00000000ebe00000)
  object space 236352K, 43% used [0x00000000c3a00000,0x00000000c9d65d88,0x00000000d20d0000)
 PSPermGen       total 21248K, used 10351K [0x00000000be800000, 0x00000000bfcc0000, 0x00000000c3a00000)
  object space 21248K, 48% used [0x00000000be800000,0x00000000bf21bc88,0x00000000bfcc0000)
}

Deoptimization events (3 events):
Event: 49.677 Thread 0x000000000a472800 Uncommon trap -83 fr.pc 0x0000000002686768
Event: 50.058 Thread 0x00000000087cd800 Uncommon trap -83 fr.pc 0x0000000002690b68
Event: 50.760 Thread 0x000000000a472800 Uncommon trap -122 fr.pc 0x000000000267aee0

Internal exceptions (10 events):
Event: 4.738 Thread 0x000000000a598800 Threw 0x00000000ec54ea58 at C:\jdk7u1_64p\jdk7u11\hotspot\src\share\vm\prims\jvm.cpp:1166
Event: 4.738 Thread 0x000000000a598800 Threw 0x00000000ec556a08 at C:\jdk7u1_64p\jdk7u11\hotspot\src\share\vm\prims\jvm.cpp:1166
Event: 4.760 Thread 0x000000000a598800 Threw 0x00000000ecb61200 at C:\jdk7u1_64p\jdk7u11\hotspot\src\share\vm\prims\jvm.cpp:1166
Event: 4.771 Thread 0x000000000a598800 Threw 0x00000000ecb69850 at C:\jdk7u1_64p\jdk7u11\hotspot\src\share\vm\prims\jvm.cpp:1166
Event: 4.772 Thread 0x000000000a598800 Threw 0x00000000ecb6b790 at C:\jdk7u1_64p\jdk7u11\hotspot\src\share\vm\prims\jvm.cpp:1166
Event: 4.772 Thread 0x000000000a598800 Threw 0x00000000ecb6db50 at C:\jdk7u1_64p\jdk7u11\hotspot\src\share\vm\prims\jvm.cpp:1166
Event: 4.772 Thread 0x000000000a598800 Threw 0x00000000ecb70b00 at C:\jdk7u1_64p\jdk7u11\hotspot\src\share\vm\prims\jvm.cpp:1166
Event: 50.987 Thread 0x000000000a597800 Threw 0x00000000edb77580 at C:\jdk7u1_64p\jdk7u11\hotspot\src\share\vm\prims\jvm.cpp:1166
Event: 50.994 Thread 0x000000000a597800 Threw 0x00000000edb79560 at C:\jdk7u1_64p\jdk7u11\hotspot\src\share\vm\prims\jvm.cpp:1166
Event: 50.999 Thread 0x000000000a597800 Threw 0x00000000edb7b6f8 at C:\jdk7u1_64p\jdk7u11\hotspot\src\share\vm\prims\jvm.cpp:1166

Events (10 events):
Event: 50.987 loading class 0x000000000a5f28d0
Event: 50.987 loading class 0x000000000a5f28d0 done
Event: 50.994 loading class 0x000000000a5f2850
Event: 50.994 loading class 0x000000000a5f2850 done
Event: 50.994 Executing VM operation: RevokeBias
Event: 50.994 Executing VM operation: RevokeBias done
Event: 50.994 loading class 0x000000000871a240
Event: 50.995 loading class 0x000000000871a240 done
Event: 50.999 loading class 0x000000000a5f2390
Event: 50.999 loading class 0x000000000a5f2390 done


Dynamic libraries:
0x00007ff602ca0000 - 0x00007ff602cd3000 	C:\Program Files\Java\jdk1.7.0_11\bin\java.exe
0x00007fff8f610000 - 0x00007fff8f824000 	C:\WINDOWS\SYSTEM32\ntdll.dll
0x00007fff8e120000 - 0x00007fff8e1e2000 	C:\WINDOWS\System32\KERNEL32.DLL
0x00007fff8cef0000 - 0x00007fff8d293000 	C:\WINDOWS\System32\KERNELBASE.dll
0x00007fff8f440000 - 0x00007fff8f4ee000 	C:\WINDOWS\System32\ADVAPI32.dll
0x00007fff8d410000 - 0x00007fff8d4b7000 	C:\WINDOWS\System32\msvcrt.dll
0x00007fff8dd00000 - 0x00007fff8dda4000 	C:\WINDOWS\System32\sechost.dll
0x00007fff8d7f0000 - 0x00007fff8d907000 	C:\WINDOWS\System32\RPCRT4.dll
0x00007fff8e7c0000 - 0x00007fff8e96b000 	C:\WINDOWS\System32\USER32.dll
0x00007fff8cb50000 - 0x00007fff8cb76000 	C:\WINDOWS\System32\win32u.dll
0x00007fff8e270000 - 0x00007fff8e299000 	C:\WINDOWS\System32\GDI32.dll
0x00007fff8ca30000 - 0x00007fff8cb48000 	C:\WINDOWS\System32\gdi32full.dll
0x00007fff8cca0000 - 0x00007fff8cd3a000 	C:\WINDOWS\System32\msvcp_win.dll
0x00007fff8cb80000 - 0x00007fff8cc91000 	C:\WINDOWS\System32\ucrtbase.dll
0x00007fff7a040000 - 0x00007fff7a2ce000 	C:\WINDOWS\WinSxS\amd64_microsoft.windows.common-controls_6595b64144ccf1df_6.0.22621.1635_none_270f70857386168e\COMCTL32.dll
0x00007fff8e0e0000 - 0x00007fff8e111000 	C:\WINDOWS\System32\IMM32.DLL
0x0000000064e00000 - 0x0000000064ed1000 	C:\Program Files\Java\jdk1.7.0_11\jre\bin\msvcr100.dll
0x0000000064ee0000 - 0x00000000655ff000 	C:\Program Files\Java\jdk1.7.0_11\jre\bin\server\jvm.dll
0x00007fff8e0d0000 - 0x00007fff8e0d8000 	C:\WINDOWS\System32\PSAPI.DLL
0x00007fff83510000 - 0x00007fff83544000 	C:\WINDOWS\SYSTEM32\WINMM.dll
0x00007fff6f940000 - 0x00007fff6f949000 	C:\WINDOWS\SYSTEM32\WSOCK32.dll
0x00007fff8e1f0000 - 0x00007fff8e261000 	C:\WINDOWS\System32\WS2_32.dll
0x0000000064db0000 - 0x0000000064dbf000 	C:\Program Files\Java\jdk1.7.0_11\jre\bin\verify.dll
0x0000000064d80000 - 0x0000000064da8000 	C:\Program Files\Java\jdk1.7.0_11\jre\bin\java.dll
0x0000000064d60000 - 0x0000000064d75000 	C:\Program Files\Java\jdk1.7.0_11\jre\bin\zip.dll
0x0000000064b80000 - 0x0000000064d13000 	C:\Program Files\Java\jdk1.7.0_11\jre\bin\awt.dll
0x00007fff8f4f0000 - 0x00007fff8f5c7000 	C:\WINDOWS\System32\OLEAUT32.dll
0x00007fff8d910000 - 0x00007fff8dc99000 	C:\WINDOWS\System32\combase.dll
0x00007fff89820000 - 0x00007fff898b7000 	C:\WINDOWS\SYSTEM32\apphelp.dll
0x00007fff8b140000 - 0x00007fff8b16b000 	C:\WINDOWS\system32\DWMAPI.DLL
0x00007fff89c10000 - 0x00007fff89cbb000 	C:\WINDOWS\system32\uxtheme.dll
0x00007fff8dfb0000 - 0x00007fff8e0ce000 	C:\WINDOWS\System32\MSCTF.dll
0x00007fff8d4c0000 - 0x00007fff8d65c000 	C:\WINDOWS\System32\ole32.dll
0x00007fff8ab90000 - 0x00007fff8aba8000 	C:\WINDOWS\SYSTEM32\kernel.appcore.dll
0x00007fff8cdb0000 - 0x00007fff8ce2b000 	C:\WINDOWS\System32\bcryptPrimitives.dll
0x00007fff8e970000 - 0x00007fff8f16a000 	C:\WINDOWS\System32\SHELL32.dll
0x00007fff8de50000 - 0x00007fff8deae000 	C:\WINDOWS\System32\SHLWAPI.dll
0x00007fff8d670000 - 0x00007fff8d761000 	C:\WINDOWS\System32\shcore.dll
0x00007fff8c5e0000 - 0x00007fff8c5fb000 	C:\WINDOWS\SYSTEM32\CRYPTSP.dll
0x00007fff8ab00000 - 0x00007fff8ab35000 	C:\WINDOWS\system32\rsaenh.dll
0x0000000064b40000 - 0x0000000064b74000 	C:\Program Files\Java\jdk1.7.0_11\jre\bin\fontmanager.dll
0x00007fff8baa0000 - 0x00007fff8bac8000 	C:\WINDOWS\SYSTEM32\USERENV.dll
0x00007fff8c960000 - 0x00007fff8c981000 	C:\WINDOWS\SYSTEM32\profapi.dll
0x00007fff8c250000 - 0x00007fff8c278000 	C:\WINDOWS\SYSTEM32\bcrypt.dll
0x00007fff8bad0000 - 0x00007fff8badc000 	C:\WINDOWS\SYSTEM32\CRYPTBASE.dll
0x0000000064d40000 - 0x0000000064d59000 	C:\Program Files\Java\jdk1.7.0_11\jre\bin\net.dll
0x00007fff8b950000 - 0x00007fff8b9b9000 	C:\WINDOWS\system32\mswsock.dll
0x00007fff87670000 - 0x00007fff87687000 	C:\WINDOWS\system32\napinsp.dll
0x00007fff31710000 - 0x00007fff3172b000 	C:\WINDOWS\system32\pnrpnsp.dll
0x00007fff8c490000 - 0x00007fff8c583000 	C:\WINDOWS\SYSTEM32\DNSAPI.dll
0x00007fff8c430000 - 0x00007fff8c45d000 	C:\WINDOWS\SYSTEM32\IPHLPAPI.DLL
0x00007fff8e2c0000 - 0x00007fff8e2c9000 	C:\WINDOWS\System32\NSI.dll
0x00007fff316f0000 - 0x00007fff31701000 	C:\WINDOWS\System32\winrnr.dll
0x00007fff82cc0000 - 0x00007fff82cd5000 	C:\WINDOWS\system32\wshbth.dll
0x00007fff316c0000 - 0x00007fff316e1000 	C:\WINDOWS\system32\nlansp_c.dll
0x00007fff78830000 - 0x00007fff7883a000 	C:\Windows\System32\rasadhlp.dll
0x00007fff813e0000 - 0x00007fff81464000 	C:\WINDOWS\System32\fwpuclnt.dll
0x00007fff79f10000 - 0x00007fff7a03d000 	C:\WINDOWS\SYSTEM32\textinputframework.dll
0x0000000064d20000 - 0x0000000064d31000 	C:\Program Files\Java\jdk1.7.0_11\jre\bin\nio.dll
0x00007fff892a0000 - 0x00007fff893d3000 	C:\WINDOWS\SYSTEM32\CoreMessaging.dll
0x00007fff85d70000 - 0x00007fff860dc000 	C:\WINDOWS\SYSTEM32\CoreUIComponents.dll
0x00007fff8bd80000 - 0x00007fff8bebe000 	C:\WINDOWS\SYSTEM32\wintypes.dll
0x00007fff8f1d0000 - 0x00007fff8f280000 	C:\WINDOWS\System32\clbcatq.dll
0x000000006e740000 - 0x000000006fda5000 	C:\Users\dell\AppData\Local\Temp\xuggle\xuggle8914576014300871478.dll
0x00007fff876c0000 - 0x00007fff876da000 	C:\WINDOWS\SYSTEM32\AVICAP32.dll
0x00007fff86e90000 - 0x00007fff86ebb000 	C:\WINDOWS\SYSTEM32\MSVFW32.dll
0x0000000064af0000 - 0x0000000064b31000 	C:\Program Files\Java\jdk1.7.0_11\jre\bin\t2k.dll
0x00007fff8b440000 - 0x00007fff8b66e000 	C:\WINDOWS\SYSTEM32\dbghelp.dll

VM Arguments:
jvm_args: -Dfile.encoding=UTF-8 
java_command: com.screen_recorder.JavaScreen_Recorder
Launcher Type: SUN_STANDARD

Environment Variables:
PATH=C:\WINDOWS\system32;C:\WINDOWS;C:\WINDOWS\System32\Wbem;C:\WINDOWS\System32\WindowsPowerShell\v1.0\;C:\WINDOWS\System32\OpenSSH\;C:\Program Files\PuTTY\;C:\Program Files\nodejs\;C:\Users\dell\AppData\Local\Microsoft\WindowsApps;C:\Users\dell\AppData\Local\Programs\Microsoft VS Code\bin;C:\Users\dell\AppData\Local\Programs\Python\Python311;C:\Users\dell\AppData\Local\Programs\Python\Python311\scripts\;C:\Users\dell\AppData\Roaming\npm
USERNAME=dell
OS=Windows_NT
PROCESSOR_IDENTIFIER=Intel64 Family 6 Model 126 Stepping 5, GenuineIntel



---------------  S Y S T E M  ---------------

OS: Windows 8 , 64 bit Build 9200 

CPU:total 4 (2 cores per cpu, 2 threads per core) family 6 model 126 stepping 5, cmov, cx8, fxsr, mmx, sse, sse2, sse3, ssse3, sse4.1, sse4.2, popcnt, avx, avx2, ht, tsc, tscinvbit

Memory: 4k page, physical 3956052k(210712k free), swap 12344660k(5086732k free)

vm_info: Java HotSpot(TM) 64-Bit Server VM (23.6-b04) for windows-amd64 JRE (1.7.0_11-b21), built on Jan 12 2013 02:38:42 by "java_re" with unknown MS VC++:1600

time: Mon May 29 01:07:03 2023
elapsed time: 51 seconds

