#
# A fatal error has been detected by the Java Runtime Environment:
#
#  EXCEPTION_ACCESS_VIOLATION (0xc0000005) at pc=0x00007fff8d489612, pid=11852, tid=3508
#
# JRE version: 7.0_11-b21
# Java VM: Java HotSpot(TM) 64-Bit Server VM (23.6-b04 mixed mode windows-amd64 compressed oops)
# Problematic frame:
# C  [msvcrt.dll+0x79612]  memcpy+0x92
#
# Failed to write core dump. Minidumps are not enabled by default on client versions of Windows
#
# If you would like to submit a bug report, please visit:
#   http://bugreport.sun.com/bugreport/crash.jsp
# The crash happened outside the Java Virtual Machine in native code.
# See problematic frame for where to report the bug.
#

---------------  T H R E A D  ---------------

Current thread (0x000000000a143800):  JavaThread "Thread-4" [_thread_in_native, id=3508, stack(0x000000000b040000,0x000000000b140000)]

siginfo: ExceptionCode=0xc0000005, reading address 0x0000000000000000

Registers:
RAX=0x000000000c141030, RBX=0x000000000c144db0, RCX=0x000000000c141030, RDX=0xfffffffff3ebefd0
RSP=0x000000000b13e758, RBP=0x000000000c14a4d0, RSI=0x000000000c143670, RDI=0x000000000c145640
R8 =0x000000000000002f, R9 =0x000000000000002f, R10=0x0000000000000001, R11=0x000000000000002f
R12=0x0000000000000000, R13=0x0000000000000000, R14=0x000000007634706d, R15=0x0000000000000000
RIP=0x00007fff8d489612, EFLAGS=0x0000000000010287

Top of Stack: (sp=0x000000000b13e758)
0x000000000b13e758:   000000006e907923 0000000000000002
0x000000000b13e768:   0000000000000000 0000000000000000
0x000000000b13e778:   00007fff8f64be60 0000000000ad0000
0x000000000b13e788:   0000000000000000 0000000000000000
0x000000000b13e798:   000000000c147c80 0000000000ad0000
0x000000000b13e7a8:   0000000800000002 000000000c147b90
0x000000000b13e7b8:   000000000c14a508 0000000000000000
0x000000000b13e7c8:   000000000c146240 000000000c15f570
0x000000000b13e7d8:   000000006f223ed2 000000000b13f018
0x000000000b13e7e8:   00000000beebb088 000000000a143800
0x000000000b13e7f8:   000000000c160b80 0000000000000000
0x000000000b13e808:   000000000000000d 000000000000000d
0x000000000b13e818:   000000006f3a6d06 000000007fffffdf
0x000000000b13e828:   00007fff8d42cb80 0000000000000000
0x000000000b13e838:   000000000000000d 000000000c147c70
0x000000000b13e848:   0000000000ad0000 000000000000000d 

Instructions: (pc=0x00007fff8d489612)
0x00007fff8d4895f2:   f0 c3 66 66 66 66 0f 1f 84 00 00 00 00 00 4e 8d
0x00007fff8d489602:   1c 02 48 2b d1 73 09 4c 3b d9 0f 87 6e 01 00 00
0x00007fff8d489612:   0f 10 04 11 48 83 c1 10 f6 c1 0f 74 12 48 83 e1
0x00007fff8d489622:   f0 0f 10 0c 11 0f 11 00 0f 28 c1 48 83 c1 10 4c 


Register to memory mapping:

RAX=0x000000000c141030 is an unknown value
RBX=0x000000000c144db0 is an unknown value
RCX=0x000000000c141030 is an unknown value
RDX=0xfffffffff3ebefd0 is an unknown value
RSP=0x000000000b13e758 is pointing into the stack for thread: 0x000000000a143800
RBP=0x000000000c14a4d0 is an unknown value
RSI=0x000000000c143670 is an unknown value
RDI=0x000000000c145640 is an unknown value
R8 =0x000000000000002f is an unknown value
R9 =0x000000000000002f is an unknown value
R10=0x0000000000000001 is an unknown value
R11=0x000000000000002f is an unknown value
R12=0x0000000000000000 is an unknown value
R13=0x0000000000000000 is an unknown value
R14=0x000000007634706d is an unknown value
R15=0x0000000000000000 is an unknown value


Stack: [0x000000000b040000,0x000000000b140000],  sp=0x000000000b13e758,  free space=1017k
Native frames: (J=compiled Java code, j=interpreted, Vv=VM code, C=native code)
C  [msvcrt.dll+0x79612]  memcpy+0x92

Java frames: (J=compiled Java code, j=interpreted, Vv=VM code)
j  com.xuggle.xuggler.XugglerJNI.IContainer_writeHeader(JLcom/xuggle/xuggler/IContainer;)I+0
j  com.xuggle.xuggler.IContainer.writeHeader()I+5
j  com.xuggle.mediatool.MediaWriter.getStream(I)Lcom/xuggle/xuggler/IStream;+222
j  com.xuggle.mediatool.MediaWriter.encodeVideo(ILcom/xuggle/xuggler/IVideoPicture;Ljava/awt/image/BufferedImage;)V+17
j  com.xuggle.mediatool.MediaWriter.encodeVideo(ILjava/awt/image/BufferedImage;JLjava/util/concurrent/TimeUnit;)V+67
j  com.screen_recorder.Recorder.Writer.run()V+32
j  java.lang.Thread.run()V+11
v  ~StubRoutines::call_stub

---------------  P R O C E S S  ---------------

Java Threads: ( => current thread )
=>0x000000000a143800 JavaThread "Thread-4" [_thread_in_native, id=3508, stack(0x000000000b040000,0x000000000b140000)]
  0x0000000000a4d800 JavaThread "DestroyJavaVM" [_thread_blocked, id=9544, stack(0x0000000002280000,0x0000000002380000)]
  0x000000000a23f000 JavaThread "AWT-EventQueue-0" [_thread_blocked, id=14680, stack(0x000000000b400000,0x000000000b500000)]
  0x000000000a20f800 JavaThread "Thread-1" [_thread_blocked, id=4724, stack(0x000000000b300000,0x000000000b400000)]
  0x000000000a191000 JavaThread "AWT-Windows" daemon [_thread_in_native, id=15312, stack(0x000000000a900000,0x000000000aa00000)]
  0x000000000a190800 JavaThread "AWT-Shutdown" [_thread_blocked, id=13660, stack(0x000000000a800000,0x000000000a900000)]
  0x000000000a18f800 JavaThread "Java2D Disposer" daemon [_thread_blocked, id=9240, stack(0x000000000a630000,0x000000000a730000)]
  0x0000000008724800 JavaThread "Service Thread" daemon [_thread_blocked, id=3372, stack(0x0000000009ee0000,0x0000000009fe0000)]
  0x0000000008714000 JavaThread "C2 CompilerThread1" daemon [_thread_blocked, id=1984, stack(0x0000000009de0000,0x0000000009ee0000)]
  0x000000000870e800 JavaThread "C2 CompilerThread0" daemon [_thread_blocked, id=12004, stack(0x0000000009ce0000,0x0000000009de0000)]
  0x000000000870d800 JavaThread "Attach Listener" daemon [_thread_blocked, id=9840, stack(0x0000000009be0000,0x0000000009ce0000)]
  0x000000000870a000 JavaThread "Signal Dispatcher" daemon [_thread_blocked, id=14368, stack(0x0000000009ae0000,0x0000000009be0000)]
  0x00000000086a6000 JavaThread "Finalizer" daemon [_thread_blocked, id=15740, stack(0x00000000099e0000,0x0000000009ae0000)]
  0x000000000869d800 JavaThread "Reference Handler" daemon [_thread_blocked, id=7856, stack(0x00000000098e0000,0x00000000099e0000)]

Other Threads:
  0x0000000008696000 VMThread [stack: 0x00000000097e0000,0x00000000098e0000] [id=10880]
  0x000000000872e000 WatcherThread [stack: 0x0000000009fe0000,0x000000000a0e0000] [id=13856]

VM state:not at safepoint (normal execution)

VM Mutex/Monitor currently owned by a thread: None

Heap
 PSYoungGen      total 160512K, used 50457K [0x00000000ebe00000, 0x00000000f6190000, 0x0000000100000000)
  eden space 160128K, 31% used [0x00000000ebe00000,0x00000000eef2e598,0x00000000f5a60000)
  from space 384K, 25% used [0x00000000f5a60000,0x00000000f5a78000,0x00000000f5ac0000)
  to   space 384K, 0% used [0x00000000f6130000,0x00000000f6130000,0x00000000f6190000)
 ParOldGen       total 164288K, used 33118K [0x00000000c3a00000, 0x00000000cda70000, 0x00000000ebe00000)
  object space 164288K, 20% used [0x00000000c3a00000,0x00000000c5a57af8,0x00000000cda70000)
 PSPermGen       total 21248K, used 10380K [0x00000000be800000, 0x00000000bfcc0000, 0x00000000c3a00000)
  object space 21248K, 48% used [0x00000000be800000,0x00000000bf2232e0,0x00000000bfcc0000)

Card table byte_map: [0x0000000005580000,0x0000000005790000] byte_map_base: 0x0000000004f8c000

Polling page: 0x0000000000a00000

Code Cache  [0x0000000002580000, 0x00000000027f0000, 0x0000000005580000)
 total_blobs=565 nmethods=114 adapters=402 free_code_cache=48432Kb largest_free_block=49567488

Compilation events (10 events):
Event: 76.014 Thread 0x000000000870e800 nmethod 109 0x000000000261a550 code [0x000000000261a680, 0x000000000261a6f8]
Event: 76.019 Thread 0x0000000008714000 nmethod 108 0x0000000002628bd0 code [0x0000000002628d20, 0x0000000002628ec8]
Event: 76.435 Thread 0x000000000870e800  110             javax.swing.plaf.metal.MetalUtils$GradientPainter::paintImage (157 bytes)
Event: 76.515 Thread 0x000000000870e800 nmethod 110 0x0000000002632390 code [0x00000000026327c0, 0x0000000002634178]
Event: 78.025 Thread 0x0000000008714000  111             java.awt.geom.AffineTransform::<init> (69 bytes)
Event: 78.026 Thread 0x0000000008714000 nmethod 111 0x0000000002621a90 code [0x0000000002621bc0, 0x0000000002621c78]
Event: 80.347 Thread 0x000000000870e800  112             sun.java2d.SunGraphics2D::setRenderingHint (523 bytes)
Event: 80.354 Thread 0x000000000870e800 nmethod 112 0x0000000002629c10 code [0x0000000002629dc0, 0x000000000262a368]
Event: 81.892 Thread 0x0000000008714000  113             java.util.ArrayList::size (5 bytes)
Event: 81.893 Thread 0x0000000008714000 nmethod 113 0x0000000002627290 code [0x00000000026273c0, 0x0000000002627418]

GC Heap History (10 events):
Event: 80.342 GC heap before
{Heap before GC invocations=158 (full 6):
 PSYoungGen      total 154816K, used 150213K [0x00000000ebe00000, 0x00000000f57e0000, 0x0000000100000000)
  eden space 154496K, 97% used [0x00000000ebe00000,0x00000000f5079488,0x00000000f54e0000)
  from space 320K, 70% used [0x00000000f54e0000,0x00000000f5518000,0x00000000f5530000)
  to   space 320K, 0% used [0x00000000f5790000,0x00000000f5790000,0x00000000f57e0000)
 ParOldGen       total 133824K, used 53230K [0x00000000c3a00000, 0x00000000cbcb0000, 0x00000000ebe00000)
  object space 133824K, 39% used [0x00000000c3a00000,0x00000000c6dfba78,0x00000000cbcb0000)
 PSPermGen       total 21248K, used 10361K [0x00000000be800000, 0x00000000bfcc0000, 0x00000000c3a00000)
  object space 21248K, 48% used [0x00000000be800000,0x00000000bf21e5c0,0x00000000bfcc0000)
Event: 80.346 GC heap after
Heap after GC invocations=158 (full 6):
 PSYoungGen      total 157184K, used 256K [0x00000000ebe00000, 0x00000000f58a0000, 0x0000000100000000)
  eden space 156864K, 0% used [0x00000000ebe00000,0x00000000ebe00000,0x00000000f5730000)
  from space 320K, 80% used [0x00000000f5790000,0x00000000f57d0000,0x00000000f57e0000)
  to   space 384K, 0% used [0x00000000f5730000,0x00000000f5730000,0x00000000f5790000)
 ParOldGen       total 133824K, used 77530K [0x00000000c3a00000, 0x00000000cbcb0000, 0x00000000ebe00000)
  object space 133824K, 57% used [0x00000000c3a00000,0x00000000c85b6aa8,0x00000000cbcb0000)
 PSPermGen       total 21248K, used 10361K [0x00000000be800000, 0x00000000bfcc0000, 0x00000000c3a00000)
  object space 21248K, 48% used [0x00000000be800000,0x00000000bf21e5c0,0x00000000bfcc0000)
}
Event: 81.055 GC heap before
{Heap before GC invocations=159 (full 6):
 PSYoungGen      total 157184K, used 156330K [0x00000000ebe00000, 0x00000000f58a0000, 0x0000000100000000)
  eden space 156864K, 99% used [0x00000000ebe00000,0x00000000f566a838,0x00000000f5730000)
  from space 320K, 80% used [0x00000000f5790000,0x00000000f57d0000,0x00000000f57e0000)
  to   space 384K, 0% used [0x00000000f5730000,0x00000000f5730000,0x00000000f5790000)
 ParOldGen       total 133824K, used 77530K [0x00000000c3a00000, 0x00000000cbcb0000, 0x00000000ebe00000)
  object space 133824K, 57% used [0x00000000c3a00000,0x00000000c85b6aa8,0x00000000cbcb0000)
 PSPermGen       total 21248K, used 10362K [0x00000000be800000, 0x00000000bfcc0000, 0x00000000c3a00000)
  object space 21248K, 48% used [0x00000000be800000,0x00000000bf21e858,0x00000000bfcc0000)
Event: 81.058 GC heap after
Heap after GC invocations=159 (full 6):
 PSYoungGen      total 157248K, used 224K [0x00000000ebe00000, 0x00000000f5b20000, 0x0000000100000000)
  eden space 156864K, 0% used [0x00000000ebe00000,0x00000000ebe00000,0x00000000f5730000)
  from space 384K, 58% used [0x00000000f5730000,0x00000000f5768000,0x00000000f5790000)
  to   space 384K, 0% used [0x00000000f5ac0000,0x00000000f5ac0000,0x00000000f5b20000)
 ParOldGen       total 133824K, used 93730K [0x00000000c3a00000, 0x00000000cbcb0000, 0x00000000ebe00000)
  object space 133824K, 70% used [0x00000000c3a00000,0x00000000c9588ac8,0x00000000cbcb0000)
 PSPermGen       total 21248K, used 10362K [0x00000000be800000, 0x00000000bfcc0000, 0x00000000c3a00000)
  object space 21248K, 48% used [0x00000000be800000,0x00000000bf21e858,0x00000000bfcc0000)
}
Event: 81.750 GC heap before
{Heap before GC invocations=160 (full 6):
 PSYoungGen      total 157248K, used 156335K [0x00000000ebe00000, 0x00000000f5b20000, 0x0000000100000000)
  eden space 156864K, 99% used [0x00000000ebe00000,0x00000000f5673f20,0x00000000f5730000)
  from space 384K, 58% used [0x00000000f5730000,0x00000000f5768000,0x00000000f5790000)
  to   space 384K, 0% used [0x00000000f5ac0000,0x00000000f5ac0000,0x00000000f5b20000)
 ParOldGen       total 133824K, used 93730K [0x00000000c3a00000, 0x00000000cbcb0000, 0x00000000ebe00000)
  object space 133824K, 70% used [0x00000000c3a00000,0x00000000c9588ac8,0x00000000cbcb0000)
 PSPermGen       total 21248K, used 10364K [0x00000000be800000, 0x00000000bfcc0000, 0x00000000c3a00000)
  object space 21248K, 48% used [0x00000000be800000,0x00000000bf21f250,0x00000000bfcc0000)
Event: 81.758 GC heap after
Heap after GC invocations=160 (full 6):
 PSYoungGen      total 160512K, used 256K [0x00000000ebe00000, 0x00000000f5cb0000, 0x0000000100000000)
  eden space 160128K, 0% used [0x00000000ebe00000,0x00000000ebe00000,0x00000000f5a60000)
  from space 384K, 66% used [0x00000000f5ac0000,0x00000000f5b00000,0x00000000f5b20000)
  to   space 384K, 0% used [0x00000000f5a60000,0x00000000f5a60000,0x00000000f5ac0000)
 ParOldGen       total 133824K, used 118030K [0x00000000c3a00000, 0x00000000cbcb0000, 0x00000000ebe00000)
  object space 133824K, 88% used [0x00000000c3a00000,0x00000000cad43af8,0x00000000cbcb0000)
 PSPermGen       total 21248K, used 10364K [0x00000000be800000, 0x00000000bfcc0000, 0x00000000c3a00000)
  object space 21248K, 48% used [0x00000000be800000,0x00000000bf21f250,0x00000000bfcc0000)
}
Event: 81.758 GC heap before
{Heap before GC invocations=161 (full 7):
 PSYoungGen      total 160512K, used 256K [0x00000000ebe00000, 0x00000000f5cb0000, 0x0000000100000000)
  eden space 160128K, 0% used [0x00000000ebe00000,0x00000000ebe00000,0x00000000f5a60000)
  from space 384K, 66% used [0x00000000f5ac0000,0x00000000f5b00000,0x00000000f5b20000)
  to   space 384K, 0% used [0x00000000f5a60000,0x00000000f5a60000,0x00000000f5ac0000)
 ParOldGen       total 133824K, used 118030K [0x00000000c3a00000, 0x00000000cbcb0000, 0x00000000ebe00000)
  object space 133824K, 88% used [0x00000000c3a00000,0x00000000cad43af8,0x00000000cbcb0000)
 PSPermGen       total 21248K, used 10364K [0x00000000be800000, 0x00000000bfcc0000, 0x00000000c3a00000)
  object space 21248K, 48% used [0x00000000be800000,0x00000000bf21f250,0x00000000bfcc0000)
Event: 81.773 GC heap after
Heap after GC invocations=161 (full 7):
 PSYoungGen      total 160512K, used 0K [0x00000000ebe00000, 0x00000000f5cb0000, 0x0000000100000000)
  eden space 160128K, 0% used [0x00000000ebe00000,0x00000000ebe00000,0x00000000f5a60000)
  from space 384K, 0% used [0x00000000f5ac0000,0x00000000f5ac0000,0x00000000f5b20000)
  to   space 384K, 0% used [0x00000000f5a60000,0x00000000f5a60000,0x00000000f5ac0000)
 ParOldGen       total 164288K, used 10843K [0x00000000c3a00000, 0x00000000cda70000, 0x00000000ebe00000)
  object space 164288K, 6% used [0x00000000c3a00000,0x00000000c4496ec8,0x00000000cda70000)
 PSPermGen       total 21248K, used 10364K [0x00000000be800000, 0x00000000bfcc0000, 0x00000000c3a00000)
  object space 21248K, 48% used [0x00000000be800000,0x00000000bf21f230,0x00000000bfcc0000)
}
Event: 82.409 GC heap before
{Heap before GC invocations=162 (full 7):
 PSYoungGen      total 160512K, used 156124K [0x00000000ebe00000, 0x00000000f5cb0000, 0x0000000100000000)
  eden space 160128K, 97% used [0x00000000ebe00000,0x00000000f5677398,0x00000000f5a60000)
  from space 384K, 0% used [0x00000000f5ac0000,0x00000000f5ac0000,0x00000000f5b20000)
  to   space 384K, 0% used [0x00000000f5a60000,0x00000000f5a60000,0x00000000f5ac0000)
 ParOldGen       total 164288K, used 10843K [0x00000000c3a00000, 0x00000000cda70000, 0x00000000ebe00000)
  object space 164288K, 6% used [0x00000000c3a00000,0x00000000c4496ec8,0x00000000cda70000)
 PSPermGen       total 21248K, used 10371K [0x00000000be800000, 0x00000000bfcc0000, 0x00000000c3a00000)
  object space 21248K, 48% used [0x00000000be800000,0x00000000bf220ed0,0x00000000bfcc0000)
Event: 82.414 GC heap after
Heap after GC invocations=162 (full 7):
 PSYoungGen      total 160512K, used 96K [0x00000000ebe00000, 0x00000000f6190000, 0x0000000100000000)
  eden space 160128K, 0% used [0x00000000ebe00000,0x00000000ebe00000,0x00000000f5a60000)
  from space 384K, 25% used [0x00000000f5a60000,0x00000000f5a78000,0x00000000f5ac0000)
  to   space 384K, 0% used [0x00000000f6130000,0x00000000f6130000,0x00000000f6190000)
 ParOldGen       total 164288K, used 33118K [0x00000000c3a00000, 0x00000000cda70000, 0x00000000ebe00000)
  object space 164288K, 20% used [0x00000000c3a00000,0x00000000c5a57af8,0x00000000cda70000)
 PSPermGen       total 21248K, used 10371K [0x00000000be800000, 0x00000000bfcc0000, 0x00000000c3a00000)
  object space 21248K, 48% used [0x00000000be800000,0x00000000bf220ed0,0x00000000bfcc0000)
}

Deoptimization events (1 events):
Event: 82.331 Thread 0x000000000a23f000 Uncommon trap -122 fr.pc 0x0000000002604ce0

Internal exceptions (10 events):
Event: 6.626 Thread 0x000000000a143800 Threw 0x00000000ec5a2c40 at C:\jdk7u1_64p\jdk7u11\hotspot\src\share\vm\prims\jvm.cpp:1166
Event: 6.647 Thread 0x000000000a143800 Threw 0x00000000ecbad250 at C:\jdk7u1_64p\jdk7u11\hotspot\src\share\vm\prims\jvm.cpp:1166
Event: 6.660 Thread 0x000000000a143800 Threw 0x00000000ecbb5740 at C:\jdk7u1_64p\jdk7u11\hotspot\src\share\vm\prims\jvm.cpp:1166
Event: 6.660 Thread 0x000000000a143800 Threw 0x00000000ecbb7680 at C:\jdk7u1_64p\jdk7u11\hotspot\src\share\vm\prims\jvm.cpp:1166
Event: 6.660 Thread 0x000000000a143800 Threw 0x00000000ecbb9a40 at C:\jdk7u1_64p\jdk7u11\hotspot\src\share\vm\prims\jvm.cpp:1166
Event: 6.660 Thread 0x000000000a143800 Threw 0x00000000ecbbc9f0 at C:\jdk7u1_64p\jdk7u11\hotspot\src\share\vm\prims\jvm.cpp:1166
Event: 82.565 Thread 0x000000000a350800 Threw 0x00000000ee793620 at C:\jdk7u1_64p\jdk7u11\hotspot\src\share\vm\prims\jvm.cpp:1166
Event: 82.575 Thread 0x000000000a350800 Threw 0x00000000ee795600 at C:\jdk7u1_64p\jdk7u11\hotspot\src\share\vm\prims\jvm.cpp:1166
Event: 82.582 Thread 0x000000000a350800 Threw 0x00000000ee797798 at C:\jdk7u1_64p\jdk7u11\hotspot\src\share\vm\prims\jvm.cpp:1166
Event: 82.584 Thread 0x000000000a350800 Threw 0x00000000ee799870 at C:\jdk7u1_64p\jdk7u11\hotspot\src\share\vm\prims\jvm.cpp:1166

Events (10 events):
Event: 82.575 Executing VM operation: RevokeBias done
Event: 82.575 loading class 0x00000000085eaf00
Event: 82.577 loading class 0x00000000085eaf00 done
Event: 82.582 loading class 0x000000000a355820
Event: 82.582 loading class 0x000000000a355820 done
Event: 82.584 loading class 0x000000000a3559a0
Event: 82.584 loading class 0x000000000a3559a0 done
Event: 82.584 Executing VM operation: RevokeBias
Event: 82.584 Executing VM operation: RevokeBias done
Event: 82.584 Thread 0x000000000a350800 Thread exited: 0x000000000a350800


Dynamic libraries:
0x00007ff6eb6e0000 - 0x00007ff6eb713000 	C:\Program Files\Java\jdk1.7.0_11\bin\java.exe
0x00007fff8f610000 - 0x00007fff8f824000 	C:\WINDOWS\SYSTEM32\ntdll.dll
0x00007fff8e120000 - 0x00007fff8e1e2000 	C:\WINDOWS\System32\KERNEL32.DLL
0x00007fff8cef0000 - 0x00007fff8d293000 	C:\WINDOWS\System32\KERNELBASE.dll
0x00007fff8f440000 - 0x00007fff8f4ee000 	C:\WINDOWS\System32\ADVAPI32.dll
0x00007fff8d410000 - 0x00007fff8d4b7000 	C:\WINDOWS\System32\msvcrt.dll
0x00007fff8dd00000 - 0x00007fff8dda4000 	C:\WINDOWS\System32\sechost.dll
0x00007fff8d7f0000 - 0x00007fff8d907000 	C:\WINDOWS\System32\RPCRT4.dll
0x00007fff8e7c0000 - 0x00007fff8e96b000 	C:\WINDOWS\System32\USER32.dll
0x00007fff8cb50000 - 0x00007fff8cb76000 	C:\WINDOWS\System32\win32u.dll
0x00007fff8e270000 - 0x00007fff8e299000 	C:\WINDOWS\System32\GDI32.dll
0x00007fff8ca30000 - 0x00007fff8cb48000 	C:\WINDOWS\System32\gdi32full.dll
0x00007fff8cca0000 - 0x00007fff8cd3a000 	C:\WINDOWS\System32\msvcp_win.dll
0x00007fff8cb80000 - 0x00007fff8cc91000 	C:\WINDOWS\System32\ucrtbase.dll
0x00007fff7a040000 - 0x00007fff7a2ce000 	C:\WINDOWS\WinSxS\amd64_microsoft.windows.common-controls_6595b64144ccf1df_6.0.22621.1635_none_270f70857386168e\COMCTL32.dll
0x00007fff8e0e0000 - 0x00007fff8e111000 	C:\WINDOWS\System32\IMM32.DLL
0x0000000064e00000 - 0x0000000064ed1000 	C:\Program Files\Java\jdk1.7.0_11\jre\bin\msvcr100.dll
0x0000000064ee0000 - 0x00000000655ff000 	C:\Program Files\Java\jdk1.7.0_11\jre\bin\server\jvm.dll
0x00007fff8e0d0000 - 0x00007fff8e0d8000 	C:\WINDOWS\System32\PSAPI.DLL
0x00007fff83510000 - 0x00007fff83544000 	C:\WINDOWS\SYSTEM32\WINMM.dll
0x00007fff6f940000 - 0x00007fff6f949000 	C:\WINDOWS\SYSTEM32\WSOCK32.dll
0x00007fff8e1f0000 - 0x00007fff8e261000 	C:\WINDOWS\System32\WS2_32.dll
0x0000000064db0000 - 0x0000000064dbf000 	C:\Program Files\Java\jdk1.7.0_11\jre\bin\verify.dll
0x0000000064d80000 - 0x0000000064da8000 	C:\Program Files\Java\jdk1.7.0_11\jre\bin\java.dll
0x0000000064d60000 - 0x0000000064d75000 	C:\Program Files\Java\jdk1.7.0_11\jre\bin\zip.dll
0x0000000064b80000 - 0x0000000064d13000 	C:\Program Files\Java\jdk1.7.0_11\jre\bin\awt.dll
0x00007fff8f4f0000 - 0x00007fff8f5c7000 	C:\WINDOWS\System32\OLEAUT32.dll
0x00007fff8d910000 - 0x00007fff8dc99000 	C:\WINDOWS\System32\combase.dll
0x00007fff89820000 - 0x00007fff898b7000 	C:\WINDOWS\SYSTEM32\apphelp.dll
0x00007fff8b140000 - 0x00007fff8b16b000 	C:\WINDOWS\system32\DWMAPI.DLL
0x00007fff89c10000 - 0x00007fff89cbb000 	C:\WINDOWS\system32\uxtheme.dll
0x00007fff8dfb0000 - 0x00007fff8e0ce000 	C:\WINDOWS\System32\MSCTF.dll
0x00007fff8d4c0000 - 0x00007fff8d65c000 	C:\WINDOWS\System32\ole32.dll
0x00007fff8ab90000 - 0x00007fff8aba8000 	C:\WINDOWS\SYSTEM32\kernel.appcore.dll
0x00007fff8cdb0000 - 0x00007fff8ce2b000 	C:\WINDOWS\System32\bcryptPrimitives.dll
0x00007fff8e970000 - 0x00007fff8f16a000 	C:\WINDOWS\System32\SHELL32.dll
0x00007fff8de50000 - 0x00007fff8deae000 	C:\WINDOWS\System32\SHLWAPI.dll
0x00007fff8d670000 - 0x00007fff8d761000 	C:\WINDOWS\System32\shcore.dll
0x0000000064b40000 - 0x0000000064b74000 	C:\Program Files\Java\jdk1.7.0_11\jre\bin\fontmanager.dll
0x00007fff79f10000 - 0x00007fff7a03d000 	C:\WINDOWS\SYSTEM32\textinputframework.dll
0x00007fff8c5e0000 - 0x00007fff8c5fb000 	C:\WINDOWS\SYSTEM32\CRYPTSP.dll
0x00007fff8ab00000 - 0x00007fff8ab35000 	C:\WINDOWS\system32\rsaenh.dll
0x00007fff8baa0000 - 0x00007fff8bac8000 	C:\WINDOWS\SYSTEM32\USERENV.dll
0x00007fff8c960000 - 0x00007fff8c981000 	C:\WINDOWS\SYSTEM32\profapi.dll
0x00007fff8c250000 - 0x00007fff8c278000 	C:\WINDOWS\SYSTEM32\bcrypt.dll
0x00007fff8bad0000 - 0x00007fff8badc000 	C:\WINDOWS\SYSTEM32\CRYPTBASE.dll
0x00007fff892a0000 - 0x00007fff893d3000 	C:\WINDOWS\SYSTEM32\CoreMessaging.dll
0x00007fff85d70000 - 0x00007fff860dc000 	C:\WINDOWS\SYSTEM32\CoreUIComponents.dll
0x00007fff8bd80000 - 0x00007fff8bebe000 	C:\WINDOWS\SYSTEM32\wintypes.dll
0x0000000064d40000 - 0x0000000064d59000 	C:\Program Files\Java\jdk1.7.0_11\jre\bin\net.dll
0x00007fff8f1d0000 - 0x00007fff8f280000 	C:\WINDOWS\System32\clbcatq.dll
0x00007fff8b950000 - 0x00007fff8b9b9000 	C:\WINDOWS\system32\mswsock.dll
0x00007fff87670000 - 0x00007fff87687000 	C:\WINDOWS\system32\napinsp.dll
0x00007fff31710000 - 0x00007fff3172b000 	C:\WINDOWS\system32\pnrpnsp.dll
0x00007fff8c490000 - 0x00007fff8c583000 	C:\WINDOWS\SYSTEM32\DNSAPI.dll
0x00007fff8c430000 - 0x00007fff8c45d000 	C:\WINDOWS\SYSTEM32\IPHLPAPI.DLL
0x00007fff8e2c0000 - 0x00007fff8e2c9000 	C:\WINDOWS\System32\NSI.dll
0x00007fff316f0000 - 0x00007fff31701000 	C:\WINDOWS\System32\winrnr.dll
0x00007fff82cc0000 - 0x00007fff82cd5000 	C:\WINDOWS\system32\wshbth.dll
0x00007fff316c0000 - 0x00007fff316e1000 	C:\WINDOWS\system32\nlansp_c.dll
0x00007fff78830000 - 0x00007fff7883a000 	C:\Windows\System32\rasadhlp.dll
0x00007fff813e0000 - 0x00007fff81464000 	C:\WINDOWS\System32\fwpuclnt.dll
0x0000000064d20000 - 0x0000000064d31000 	C:\Program Files\Java\jdk1.7.0_11\jre\bin\nio.dll
0x000000006e740000 - 0x000000006fda5000 	C:\Users\dell\AppData\Local\Temp\xuggle\xuggle2197030822553601171.dll
0x00007fff7b860000 - 0x00007fff7b87a000 	C:\WINDOWS\SYSTEM32\AVICAP32.dll
0x00007fff77390000 - 0x00007fff773bb000 	C:\WINDOWS\SYSTEM32\MSVFW32.dll
0x0000000064af0000 - 0x0000000064b31000 	C:\Program Files\Java\jdk1.7.0_11\jre\bin\t2k.dll
0x00007fff8b440000 - 0x00007fff8b66e000 	C:\WINDOWS\SYSTEM32\dbghelp.dll

VM Arguments:
jvm_args: -Dfile.encoding=UTF-8 
java_command: com.screen_recorder.JavaScreen_Recorder
Launcher Type: SUN_STANDARD

Environment Variables:
PATH=C:\WINDOWS\system32;C:\WINDOWS;C:\WINDOWS\System32\Wbem;C:\WINDOWS\System32\WindowsPowerShell\v1.0\;C:\WINDOWS\System32\OpenSSH\;C:\Program Files\PuTTY\;C:\Program Files\nodejs\;C:\Users\dell\AppData\Local\Microsoft\WindowsApps;C:\Users\dell\AppData\Local\Programs\Microsoft VS Code\bin;C:\Users\dell\AppData\Local\Programs\Python\Python311;C:\Users\dell\AppData\Local\Programs\Python\Python311\scripts\;C:\Users\dell\AppData\Roaming\npm
USERNAME=dell
OS=Windows_NT
PROCESSOR_IDENTIFIER=Intel64 Family 6 Model 126 Stepping 5, GenuineIntel



---------------  S Y S T E M  ---------------

OS: Windows 8 , 64 bit Build 9200 

CPU:total 4 (2 cores per cpu, 2 threads per core) family 6 model 126 stepping 5, cmov, cx8, fxsr, mmx, sse, sse2, sse3, ssse3, sse4.1, sse4.2, popcnt, avx, avx2, ht, tsc, tscinvbit

Memory: 4k page, physical 3956052k(250620k free), swap 12344660k(6518676k free)

vm_info: Java HotSpot(TM) 64-Bit Server VM (23.6-b04) for windows-amd64 JRE (1.7.0_11-b21), built on Jan 12 2013 02:38:42 by "java_re" with unknown MS VC++:1600

time: Sun May 28 22:59:09 2023
elapsed time: 82 seconds

