#
# A fatal error has been detected by the Java Runtime Environment:
#
#  EXCEPTION_ACCESS_VIOLATION (0xc0000005) at pc=0x000000006ee2c2f0, pid=12112, tid=4132
#
# JRE version: 7.0_11-b21
# Java VM: Java HotSpot(TM) 64-Bit Server VM (23.6-b04 mixed mode windows-amd64 compressed oops)
# Problematic frame:
# C  [xuggle8782985311820169098.dll+0x6ec2f0]  Java_com_xuggle_ferry_FerryJNI_SWIGRefCountedTesterUpcast+0x624dd5
#
# Failed to write core dump. Minidumps are not enabled by default on client versions of Windows
#
# If you would like to submit a bug report, please visit:
#   http://bugreport.sun.com/bugreport/crash.jsp
# The crash happened outside the Java Virtual Machine in native code.
# See problematic frame for where to report the bug.
#

---------------  T H R E A D  ---------------

Current thread (0x000000000c3f7000):  JavaThread "Thread-4" [_thread_in_native, id=4132, stack(0x000000000bb90000,0x000000000bc90000)]

siginfo: ExceptionCode=0xc0000005, reading address 0x00000000001a39b0

Registers:
RAX=0xffffffffffffff80, RBX=0x000000000d401060, RCX=0x000000000d3e05a0, RDX=0x00000000001a39b0
RSP=0x000000000bc81d18, RBP=0x0000000000001a3a, RSI=0x00000000000007a0, RDI=0x00000000001a39b0
R8 =0x000000000f142400, R9 =0x00000000000007a0, R10=0x0000000000003d00, R11=0x000000000ea92f58
R12=0x000000000d403f44, R13=0x000000000000003b, R14=0x00000000000003d0, R15=0x0000000000003d00
RIP=0x000000006ee2c2f0, EFLAGS=0x0000000000010207

Top of Stack: (sp=0x000000000bc81d18)
0x000000000bc81d18:   000000006eb61d03 0000000000000000
0x000000000bc81d28:   000000000f142400 000000000ebfe568
0x000000000bc81d38:   000000000ec83c88 0000000000000000
0x000000000bc81d48:   000000000d401450 000000000d402bf0
0x000000000bc81d58:   000000000d402eb0 0000000000000008
0x000000000bc81d68:   0000000000000000 0000000000000000
0x000000000bc81d78:   0000000000003d00 00000000000003b8
0x000000000bc81d88:   0000000000000000 000000000bc8dfd0
0x000000000bc81d98:   00000000001a76b0 0000000000000000
0x000000000bc81da8:   0000000000000000 000000000f142400
0x000000000bc81db8:   0000000000068f58 0000000000068f58
0x000000000bc81dc8:   000000000000003b 0000000000000037
0x000000000bc81dd8:   000000000ebfe568 000000000ec83c88
0x000000000bc81de8:   0000000800000037 000000000f142408
0x000000000bc81df8:   000000000bc85d18 000000000f146100
0x000000000bc81e08:   000000000f146108 000000000f1423f8 

Instructions: (pc=0x000000006ee2c2f0)
0x000000006ee2c2d0:   48 83 e9 80 4d 63 c9 0f ef ff 48 c7 c0 80 ff ff
0x000000006ee2c2e0:   ff 66 66 66 66 66 66 2e 0f 1f 84 00 00 00 00 00
0x000000006ee2c2f0:   0f 6f 02 41 0f 6f 10 0f 6f c8 0f 6f da 0f 60 c7
0x000000006ee2c300:   0f 68 cf 0f 60 d7 0f 68 df 0f f9 c2 0f f9 cb 0f 


Register to memory mapping:

RAX=0xffffffffffffff80 is an unknown value
RBX=0x000000000d401060 is an unknown value
RCX=0x000000000d3e05a0 is an unknown value
RDX=0x00000000001a39b0 is an unknown value
RSP=0x000000000bc81d18 is pointing into the stack for thread: 0x000000000c3f7000
RBP=0x0000000000001a3a is an unknown value
RSI=0x00000000000007a0 is an unknown value
RDI=0x00000000001a39b0 is an unknown value
R8 =0x000000000f142400 is an unknown value
R9 =0x00000000000007a0 is an unknown value
R10=0x0000000000003d00 is an unknown value
R11=0x000000000ea92f58 is an unknown value
R12=0x000000000d403f44 is an unknown value
R13=0x000000000000003b is an unknown value
R14=0x00000000000003d0 is an unknown value
R15=0x0000000000003d00 is an unknown value


Stack: [0x000000000bb90000,0x000000000bc90000],  sp=0x000000000bc81d18,  free space=967k
Native frames: (J=compiled Java code, j=interpreted, Vv=VM code, C=native code)
C  [xuggle8782985311820169098.dll+0x6ec2f0]  Java_com_xuggle_ferry_FerryJNI_SWIGRefCountedTesterUpcast+0x624dd5

Java frames: (J=compiled Java code, j=interpreted, Vv=VM code)
j  com.xuggle.xuggler.XugglerJNI.IStreamCoder_encodeVideo(JLcom/xuggle/xuggler/IStreamCoder;JLcom/xuggle/xuggler/IPacket;JLcom/xuggle/xuggler/IVideoPicture;I)I+0
j  com.xuggle.xuggler.IStreamCoder.encodeVideo(Lcom/xuggle/xuggler/IPacket;Lcom/xuggle/xuggler/IVideoPicture;I)I+16
j  com.xuggle.mediatool.MediaWriter.encodeVideo(ILcom/xuggle/xuggler/IVideoPicture;Ljava/awt/image/BufferedImage;)V+141
j  com.xuggle.mediatool.MediaWriter.encodeVideo(ILjava/awt/image/BufferedImage;JLjava/util/concurrent/TimeUnit;)V+67
j  com.screen_recorder.Recorder.Writer.run()V+32
j  java.lang.Thread.run()V+11
v  ~StubRoutines::call_stub

---------------  P R O C E S S  ---------------

Java Threads: ( => current thread )
=>0x000000000c3f7000 JavaThread "Thread-4" [_thread_in_native, id=4132, stack(0x000000000bb90000,0x000000000bc90000)]
  0x0000000002ecd800 JavaThread "DestroyJavaVM" [_thread_blocked, id=10768, stack(0x0000000002d50000,0x0000000002e50000)]
  0x000000000ad68800 JavaThread "AWT-EventQueue-0" [_thread_blocked, id=13604, stack(0x000000000be80000,0x000000000bf80000)]
  0x000000000ad05800 JavaThread "Thread-1" [_thread_blocked, id=15868, stack(0x000000000bd80000,0x000000000be80000)]
  0x000000000ac33800 JavaThread "AWT-Windows" daemon [_thread_in_native, id=3388, stack(0x000000000b380000,0x000000000b480000)]
  0x000000000ac32800 JavaThread "AWT-Shutdown" [_thread_blocked, id=15948, stack(0x000000000b280000,0x000000000b380000)]
  0x000000000ac8a800 JavaThread "Java2D Disposer" daemon [_thread_blocked, id=1548, stack(0x000000000b180000,0x000000000b280000)]
  0x0000000009232800 JavaThread "Service Thread" daemon [_thread_blocked, id=16036, stack(0x000000000a9d0000,0x000000000aad0000)]
  0x0000000009224000 JavaThread "C2 CompilerThread1" daemon [_thread_blocked, id=1720, stack(0x000000000a8d0000,0x000000000a9d0000)]
  0x000000000921f000 JavaThread "C2 CompilerThread0" daemon [_thread_blocked, id=13944, stack(0x000000000a7d0000,0x000000000a8d0000)]
  0x000000000921d800 JavaThread "Attach Listener" daemon [_thread_blocked, id=15724, stack(0x000000000a6d0000,0x000000000a7d0000)]
  0x000000000921a000 JavaThread "Signal Dispatcher" daemon [_thread_blocked, id=3136, stack(0x000000000a5d0000,0x000000000a6d0000)]
  0x00000000091b6800 JavaThread "Finalizer" daemon [_thread_blocked, id=8764, stack(0x000000000a4d0000,0x000000000a5d0000)]
  0x00000000091ad800 JavaThread "Reference Handler" daemon [_thread_blocked, id=15984, stack(0x000000000a3d0000,0x000000000a4d0000)]

Other Threads:
  0x00000000091a6000 VMThread [stack: 0x000000000a2d0000,0x000000000a3d0000] [id=2960]
  0x000000000923c000 WatcherThread [stack: 0x000000000aad0000,0x000000000abd0000] [id=10832]

VM state:not at safepoint (normal execution)

VM Mutex/Monitor currently owned by a thread: None

Heap
 PSYoungGen      total 216320K, used 116505K [0x00000000ebe00000, 0x00000000fdaf0000, 0x0000000100000000)
  eden space 216128K, 53% used [0x00000000ebe00000,0x00000000f2f9e680,0x00000000f9110000)
  from space 192K, 83% used [0x00000000f9580000,0x00000000f95a8000,0x00000000f95b0000)
  to   space 37824K, 0% used [0x00000000fb600000,0x00000000fb600000,0x00000000fdaf0000)
 ParOldGen       total 336960K, used 17447K [0x00000000c3a00000, 0x00000000d8310000, 0x00000000ebe00000)
  object space 336960K, 5% used [0x00000000c3a00000,0x00000000c4b09e58,0x00000000d8310000)
 PSPermGen       total 21248K, used 10466K [0x00000000be800000, 0x00000000bfcc0000, 0x00000000c3a00000)
  object space 21248K, 49% used [0x00000000be800000,0x00000000bf238ba8,0x00000000bfcc0000)

Card table byte_map: [0x0000000006090000,0x00000000062a0000] byte_map_base: 0x0000000005a9c000

Polling page: 0x0000000002d30000

Code Cache  [0x0000000002fd0000, 0x0000000003240000, 0x0000000005fd0000)
 total_blobs=631 nmethods=180 adapters=402 free_code_cache=48287Kb largest_free_block=49414336

Compilation events (10 events):
Event: 231.082 Thread 0x000000000921f000  173             java.awt.image.ColorModel::<init> (345 bytes)
Event: 231.113 Thread 0x000000000921f000 nmethod 173 0x00000000030a9290 code [0x00000000030a9500, 0x00000000030aabd0]
Event: 232.777 Thread 0x0000000009224000  174             sun.java2d.pipe.ValidatePipe::validate (6 bytes)
Event: 232.784 Thread 0x0000000009224000 nmethod 174 0x00000000030a6f50 code [0x00000000030a7100, 0x00000000030a74a0]
Event: 321.772 Thread 0x000000000921f000  175             sun.awt.image.IntegerComponentRaster::<init> (272 bytes)
Event: 321.786 Thread 0x000000000921f000 nmethod 175 0x00000000030a82d0 code [0x00000000030a8460, 0x00000000030a8a98]
Event: 328.939 Thread 0x0000000009224000  176             java.awt.image.Raster::createInterleavedRaster (162 bytes)
Event: 328.959 Thread 0x0000000009224000 nmethod 176 0x00000000030ac350 code [0x00000000030ac520, 0x00000000030acff8]
Event: 407.997 Thread 0x000000000921f000    4 % !         com.screen_recorder.Recorder.Recorder::run @ 92 (135 bytes)
Event: 408.000 Thread 0x000000000921f000 nmethod 4% 0x00000000030ae0d0 code [0x00000000030ae240, 0x00000000030ae418]

GC Heap History (10 events):
Event: 470.076 GC heap before
{Heap before GC invocations=565 (full 20):
 PSYoungGen      total 264768K, used 235274K [0x00000000ebe00000, 0x00000000fee50000, 0x0000000100000000)
  eden space 240448K, 97% used [0x00000000ebe00000,0x00000000fa3a2868,0x00000000fa8d0000)
  from space 24320K, 0% used [0x00000000fd690000,0x00000000fd6b0000,0x00000000fee50000)
  to   space 35584K, 0% used [0x00000000fa8d0000,0x00000000fa8d0000,0x00000000fcb90000)
 ParOldGen       total 336960K, used 17279K [0x00000000c3a00000, 0x00000000d8310000, 0x00000000ebe00000)
  object space 336960K, 5% used [0x00000000c3a00000,0x00000000c4adfe58,0x00000000d8310000)
 PSPermGen       total 21248K, used 10449K [0x00000000be800000, 0x00000000bfcc0000, 0x00000000c3a00000)
  object space 21248K, 49% used [0x00000000be800000,0x00000000bf234608,0x00000000bfcc0000)
Event: 470.084 GC heap after
Heap after GC invocations=565 (full 20):
 PSYoungGen      total 259776K, used 24460K [0x00000000ebe00000, 0x00000000ff080000, 0x0000000100000000)
  eden space 235264K, 0% used [0x00000000ebe00000,0x00000000ebe00000,0x00000000fa3c0000)
  from space 24512K, 99% used [0x00000000fa8d0000,0x00000000fc0b3030,0x00000000fc0c0000)
  to   space 39296K, 0% used [0x00000000fca20000,0x00000000fca20000,0x00000000ff080000)
 ParOldGen       total 336960K, used 17319K [0x00000000c3a00000, 0x00000000d8310000, 0x00000000ebe00000)
  object space 336960K, 5% used [0x00000000c3a00000,0x00000000c4ae9e58,0x00000000d8310000)
 PSPermGen       total 21248K, used 10449K [0x00000000be800000, 0x00000000bfcc0000, 0x00000000c3a00000)
  object space 21248K, 49% used [0x00000000be800000,0x00000000bf234608,0x00000000bfcc0000)
}
Event: 471.636 GC heap before
{Heap before GC invocations=566 (full 20):
 PSYoungGen      total 259776K, used 257592K [0x00000000ebe00000, 0x00000000ff080000, 0x0000000100000000)
  eden space 235264K, 99% used [0x00000000ebe00000,0x00000000fa1ab2c0,0x00000000fa3c0000)
  from space 24512K, 99% used [0x00000000fa8d0000,0x00000000fc0b3030,0x00000000fc0c0000)
  to   space 39296K, 0% used [0x00000000fca20000,0x00000000fca20000,0x00000000ff080000)
 ParOldGen       total 336960K, used 17319K [0x00000000c3a00000, 0x00000000d8310000, 0x00000000ebe00000)
  object space 336960K, 5% used [0x00000000c3a00000,0x00000000c4ae9e58,0x00000000d8310000)
 PSPermGen       total 21248K, used 10449K [0x00000000be800000, 0x00000000bfcc0000, 0x00000000c3a00000)
  object space 21248K, 49% used [0x00000000be800000,0x00000000bf234608,0x00000000bfcc0000)
Event: 471.643 GC heap after
Heap after GC invocations=566 (full 20):
 PSYoungGen      total 261120K, used 96K [0x00000000ebe00000, 0x00000000fe850000, 0x0000000100000000)
  eden space 230208K, 0% used [0x00000000ebe00000,0x00000000ebe00000,0x00000000f9ed0000)
  from space 30912K, 0% used [0x00000000fca20000,0x00000000fca38000,0x00000000fe850000)
  to   space 37632K, 0% used [0x00000000f9ed0000,0x00000000f9ed0000,0x00000000fc390000)
 ParOldGen       total 336960K, used 17343K [0x00000000c3a00000, 0x00000000d8310000, 0x00000000ebe00000)
  object space 336960K, 5% used [0x00000000c3a00000,0x00000000c4aefe58,0x00000000d8310000)
 PSPermGen       total 21248K, used 10449K [0x00000000be800000, 0x00000000bfcc0000, 0x00000000c3a00000)
  object space 21248K, 49% used [0x00000000be800000,0x00000000bf234608,0x00000000bfcc0000)
}
Event: 472.935 GC heap before
{Heap before GC invocations=567 (full 20):
 PSYoungGen      total 261120K, used 227130K [0x00000000ebe00000, 0x00000000fe850000, 0x0000000100000000)
  eden space 230208K, 98% used [0x00000000ebe00000,0x00000000f9bb68b0,0x00000000f9ed0000)
  from space 30912K, 0% used [0x00000000fca20000,0x00000000fca38000,0x00000000fe850000)
  to   space 37632K, 0% used [0x00000000f9ed0000,0x00000000f9ed0000,0x00000000fc390000)
 ParOldGen       total 336960K, used 17343K [0x00000000c3a00000, 0x00000000d8310000, 0x00000000ebe00000)
  object space 336960K, 5% used [0x00000000c3a00000,0x00000000c4aefe58,0x00000000d8310000)
 PSPermGen       total 21248K, used 10449K [0x00000000be800000, 0x00000000bfcc0000, 0x00000000c3a00000)
  object space 21248K, 49% used [0x00000000be800000,0x00000000bf234608,0x00000000bfcc0000)
Event: 472.936 GC heap after
Heap after GC invocations=567 (full 20):
 PSYoungGen      total 225472K, used 128K [0x00000000ebe00000, 0x00000000fe030000, 0x0000000100000000)
  eden space 225344K, 0% used [0x00000000ebe00000,0x00000000ebe00000,0x00000000f9a10000)
  from space 128K, 100% used [0x00000000f9ed0000,0x00000000f9ef0000,0x00000000f9ef0000)
  to   space 35904K, 0% used [0x00000000fbd20000,0x00000000fbd20000,0x00000000fe030000)
 ParOldGen       total 336960K, used 17391K [0x00000000c3a00000, 0x00000000d8310000, 0x00000000ebe00000)
  object space 336960K, 5% used [0x00000000c3a00000,0x00000000c4afbe58,0x00000000d8310000)
 PSPermGen       total 21248K, used 10449K [0x00000000be800000, 0x00000000bfcc0000, 0x00000000c3a00000)
  object space 21248K, 49% used [0x00000000be800000,0x00000000bf234608,0x00000000bfcc0000)
}
Event: 474.172 GC heap before
{Heap before GC invocations=568 (full 20):
 PSYoungGen      total 225472K, used 222390K [0x00000000ebe00000, 0x00000000fe030000, 0x0000000100000000)
  eden space 225344K, 98% used [0x00000000ebe00000,0x00000000f970db88,0x00000000f9a10000)
  from space 128K, 100% used [0x00000000f9ed0000,0x00000000f9ef0000,0x00000000f9ef0000)
  to   space 35904K, 0% used [0x00000000fbd20000,0x00000000fbd20000,0x00000000fe030000)
 ParOldGen       total 336960K, used 17391K [0x00000000c3a00000, 0x00000000d8310000, 0x00000000ebe00000)
  object space 336960K, 5% used [0x00000000c3a00000,0x00000000c4afbe58,0x00000000d8310000)
 PSPermGen       total 21248K, used 10449K [0x00000000be800000, 0x00000000bfcc0000, 0x00000000c3a00000)
  object space 21248K, 49% used [0x00000000be800000,0x00000000bf234628,0x00000000bfcc0000)
Event: 474.180 GC heap after
Heap after GC invocations=568 (full 20):
 PSYoungGen      total 256576K, used 24460K [0x00000000ebe00000, 0x00000000fe2a0000, 0x0000000100000000)
  eden space 220672K, 0% used [0x00000000ebe00000,0x00000000ebe00000,0x00000000f9580000)
  from space 35904K, 68% used [0x00000000fbd20000,0x00000000fd503030,0x00000000fe030000)
  to   space 39488K, 0% used [0x00000000f9580000,0x00000000f9580000,0x00000000fbc10000)
 ParOldGen       total 336960K, used 17415K [0x00000000c3a00000, 0x00000000d8310000, 0x00000000ebe00000)
  object space 336960K, 5% used [0x00000000c3a00000,0x00000000c4b01e58,0x00000000d8310000)
 PSPermGen       total 21248K, used 10449K [0x00000000be800000, 0x00000000bfcc0000, 0x00000000c3a00000)
  object space 21248K, 49% used [0x00000000be800000,0x00000000bf234628,0x00000000bfcc0000)
}
Event: 475.096 GC heap before
{Heap before GC invocations=569 (full 20):
 PSYoungGen      total 256576K, used 244204K [0x00000000ebe00000, 0x00000000fe2a0000, 0x0000000100000000)
  eden space 220672K, 99% used [0x00000000ebe00000,0x00000000f9498078,0x00000000f9580000)
  from space 35904K, 68% used [0x00000000fbd20000,0x00000000fd503030,0x00000000fe030000)
  to   space 39488K, 0% used [0x00000000f9580000,0x00000000f9580000,0x00000000fbc10000)
 ParOldGen       total 336960K, used 17415K [0x00000000c3a00000, 0x00000000d8310000, 0x00000000ebe00000)
  object space 336960K, 5% used [0x00000000c3a00000,0x00000000c4b01e58,0x00000000d8310000)
 PSPermGen       total 21248K, used 10451K [0x00000000be800000, 0x00000000bfcc0000, 0x00000000c3a00000)
  object space 21248K, 49% used [0x00000000be800000,0x00000000bf234d38,0x00000000bfcc0000)
Event: 475.096 GC heap after
Heap after GC invocations=569 (full 20):
 PSYoungGen      total 216320K, used 160K [0x00000000ebe00000, 0x00000000fdaf0000, 0x0000000100000000)
  eden space 216128K, 0% used [0x00000000ebe00000,0x00000000ebe00000,0x00000000f9110000)
  from space 192K, 83% used [0x00000000f9580000,0x00000000f95a8000,0x00000000f95b0000)
  to   space 37824K, 0% used [0x00000000fb600000,0x00000000fb600000,0x00000000fdaf0000)
 ParOldGen       total 336960K, used 17447K [0x00000000c3a00000, 0x00000000d8310000, 0x00000000ebe00000)
  object space 336960K, 5% used [0x00000000c3a00000,0x00000000c4b09e58,0x00000000d8310000)
 PSPermGen       total 21248K, used 10451K [0x00000000be800000, 0x00000000bfcc0000, 0x00000000c3a00000)
  object space 21248K, 49% used [0x00000000be800000,0x00000000bf234d38,0x00000000bfcc0000)
}

Deoptimization events (8 events):
Event: 473.011 Thread 0x000000000ad68800 Uncommon trap -83 fr.pc 0x0000000003065aa8
Event: 473.033 Thread 0x000000000ad68800 Uncommon trap -58 fr.pc 0x000000000309acf8
Event: 473.033 Thread 0x000000000ad68800 Uncommon trap -58 fr.pc 0x000000000309acf8
Event: 473.033 Thread 0x000000000ad68800 Uncommon trap -83 fr.pc 0x0000000003096054
Event: 475.097 Thread 0x00000000091ad800 Uncommon trap -83 fr.pc 0x0000000003069728
Event: 475.294 Thread 0x000000000ad68800 Uncommon trap -58 fr.pc 0x000000000309acf8
Event: 475.294 Thread 0x000000000ad68800 Uncommon trap -58 fr.pc 0x000000000309acf8
Event: 475.295 Thread 0x000000000ad68800 Uncommon trap -122 fr.pc 0x000000000305555c

Internal exceptions (10 events):
Event: 2.912 Thread 0x000000000c3f7000 Threw 0x00000000ec4dd2b0 at C:\jdk7u1_64p\jdk7u11\hotspot\src\share\vm\prims\jvm.cpp:1166
Event: 2.912 Thread 0x000000000c3f7000 Threw 0x00000000ec4df580 at C:\jdk7u1_64p\jdk7u11\hotspot\src\share\vm\prims\jvm.cpp:1166
Event: 2.913 Thread 0x000000000c3f7000 Threw 0x00000000ec4e9118 at C:\jdk7u1_64p\jdk7u11\hotspot\src\share\vm\prims\jvm.cpp:1166
Event: 2.914 Thread 0x000000000c3f7000 Threw 0x00000000ec4f10c8 at C:\jdk7u1_64p\jdk7u11\hotspot\src\share\vm\prims\jvm.cpp:1166
Event: 2.931 Thread 0x000000000c3f7000 Threw 0x00000000ec50cd18 at C:\jdk7u1_64p\jdk7u11\hotspot\src\share\vm\prims\jvm.cpp:1166
Event: 2.943 Thread 0x000000000c3f7000 Threw 0x00000000ec515368 at C:\jdk7u1_64p\jdk7u11\hotspot\src\share\vm\prims\jvm.cpp:1166
Event: 2.943 Thread 0x000000000c3f7000 Threw 0x00000000ec5172a8 at C:\jdk7u1_64p\jdk7u11\hotspot\src\share\vm\prims\jvm.cpp:1166
Event: 2.943 Thread 0x000000000c3f7000 Threw 0x00000000ec519668 at C:\jdk7u1_64p\jdk7u11\hotspot\src\share\vm\prims\jvm.cpp:1166
Event: 2.943 Thread 0x000000000c3f7000 Threw 0x00000000ec51c618 at C:\jdk7u1_64p\jdk7u11\hotspot\src\share\vm\prims\jvm.cpp:1166
Event: 475.536 Thread 0x000000000af69000 Threw 0x00000000f2d5e7d8 at C:\jdk7u1_64p\jdk7u11\hotspot\src\share\vm\prims\jvm.cpp:1166

Events (10 events):
Event: 475.294 loading class 0x000000000926a900 done
Event: 475.294 loading class 0x000000000c421860 done
Event: 475.294 Thread 0x000000000ad68800 DEOPT PACKING pc=0x000000000309acf8 sp=0x000000000bf7cbf0
Event: 475.294 Thread 0x000000000ad68800 DEOPT UNPACKING pc=0x0000000003009164 sp=0x000000000bf7cb78 mode 2
Event: 475.294 Thread 0x000000000ad68800 DEOPT PACKING pc=0x000000000309acf8 sp=0x000000000bf7ccb0
Event: 475.294 Thread 0x000000000ad68800 DEOPT UNPACKING pc=0x0000000003009164 sp=0x000000000bf7cc38 mode 2
Event: 475.295 Thread 0x000000000ad68800 DEOPT PACKING pc=0x000000000305555c sp=0x000000000bf7dff0
Event: 475.295 Thread 0x000000000ad68800 DEOPT UNPACKING pc=0x0000000003009164 sp=0x000000000bf7dfa8 mode 2
Event: 475.534 loading class 0x000000000af16770
Event: 475.534 loading class 0x000000000af16770 done


Dynamic libraries:
0x00007ff755530000 - 0x00007ff755563000 	C:\Program Files\Java\jdk1.7.0_11\bin\java.exe
0x00007fff8f610000 - 0x00007fff8f824000 	C:\WINDOWS\SYSTEM32\ntdll.dll
0x00007fff8e120000 - 0x00007fff8e1e2000 	C:\WINDOWS\System32\KERNEL32.DLL
0x00007fff8cef0000 - 0x00007fff8d293000 	C:\WINDOWS\System32\KERNELBASE.dll
0x00007fff8f440000 - 0x00007fff8f4ee000 	C:\WINDOWS\System32\ADVAPI32.dll
0x00007fff8d410000 - 0x00007fff8d4b7000 	C:\WINDOWS\System32\msvcrt.dll
0x00007fff8dd00000 - 0x00007fff8dda4000 	C:\WINDOWS\System32\sechost.dll
0x00007fff8d7f0000 - 0x00007fff8d907000 	C:\WINDOWS\System32\RPCRT4.dll
0x00007fff8e7c0000 - 0x00007fff8e96b000 	C:\WINDOWS\System32\USER32.dll
0x00007fff8cb50000 - 0x00007fff8cb76000 	C:\WINDOWS\System32\win32u.dll
0x00007fff8e270000 - 0x00007fff8e299000 	C:\WINDOWS\System32\GDI32.dll
0x00007fff8ca30000 - 0x00007fff8cb48000 	C:\WINDOWS\System32\gdi32full.dll
0x00007fff8cca0000 - 0x00007fff8cd3a000 	C:\WINDOWS\System32\msvcp_win.dll
0x00007fff8cb80000 - 0x00007fff8cc91000 	C:\WINDOWS\System32\ucrtbase.dll
0x00007fff7a040000 - 0x00007fff7a2ce000 	C:\WINDOWS\WinSxS\amd64_microsoft.windows.common-controls_6595b64144ccf1df_6.0.22621.1635_none_270f70857386168e\COMCTL32.dll
0x00007fff8e0e0000 - 0x00007fff8e111000 	C:\WINDOWS\System32\IMM32.DLL
0x0000000064e00000 - 0x0000000064ed1000 	C:\Program Files\Java\jdk1.7.0_11\jre\bin\msvcr100.dll
0x0000000064ee0000 - 0x00000000655ff000 	C:\Program Files\Java\jdk1.7.0_11\jre\bin\server\jvm.dll
0x00007fff8e0d0000 - 0x00007fff8e0d8000 	C:\WINDOWS\System32\PSAPI.DLL
0x00007fff6f940000 - 0x00007fff6f949000 	C:\WINDOWS\SYSTEM32\WSOCK32.dll
0x00007fff83510000 - 0x00007fff83544000 	C:\WINDOWS\SYSTEM32\WINMM.dll
0x00007fff8e1f0000 - 0x00007fff8e261000 	C:\WINDOWS\System32\WS2_32.dll
0x0000000064db0000 - 0x0000000064dbf000 	C:\Program Files\Java\jdk1.7.0_11\jre\bin\verify.dll
0x0000000064d80000 - 0x0000000064da8000 	C:\Program Files\Java\jdk1.7.0_11\jre\bin\java.dll
0x0000000064d60000 - 0x0000000064d75000 	C:\Program Files\Java\jdk1.7.0_11\jre\bin\zip.dll
0x0000000064b80000 - 0x0000000064d13000 	C:\Program Files\Java\jdk1.7.0_11\jre\bin\awt.dll
0x00007fff8f4f0000 - 0x00007fff8f5c7000 	C:\WINDOWS\System32\OLEAUT32.dll
0x00007fff8d910000 - 0x00007fff8dc99000 	C:\WINDOWS\System32\combase.dll
0x00007fff89820000 - 0x00007fff898b7000 	C:\WINDOWS\SYSTEM32\apphelp.dll
0x00007fff8b140000 - 0x00007fff8b16b000 	C:\WINDOWS\system32\DWMAPI.DLL
0x00007fff89c10000 - 0x00007fff89cbb000 	C:\WINDOWS\system32\uxtheme.dll
0x00007fff8dfb0000 - 0x00007fff8e0ce000 	C:\WINDOWS\System32\MSCTF.dll
0x00007fff8d4c0000 - 0x00007fff8d65c000 	C:\WINDOWS\System32\ole32.dll
0x00007fff8ab90000 - 0x00007fff8aba8000 	C:\WINDOWS\SYSTEM32\kernel.appcore.dll
0x00007fff8cdb0000 - 0x00007fff8ce2b000 	C:\WINDOWS\System32\bcryptPrimitives.dll
0x00007fff8e970000 - 0x00007fff8f16a000 	C:\WINDOWS\System32\SHELL32.dll
0x00007fff8de50000 - 0x00007fff8deae000 	C:\WINDOWS\System32\SHLWAPI.dll
0x00007fff8d670000 - 0x00007fff8d761000 	C:\WINDOWS\System32\shcore.dll
0x0000000064b40000 - 0x0000000064b74000 	C:\Program Files\Java\jdk1.7.0_11\jre\bin\fontmanager.dll
0x00007fff8c5e0000 - 0x00007fff8c5fb000 	C:\WINDOWS\SYSTEM32\CRYPTSP.dll
0x00007fff8ab00000 - 0x00007fff8ab35000 	C:\WINDOWS\system32\rsaenh.dll
0x00007fff8baa0000 - 0x00007fff8bac8000 	C:\WINDOWS\SYSTEM32\USERENV.dll
0x00007fff8c960000 - 0x00007fff8c981000 	C:\WINDOWS\SYSTEM32\profapi.dll
0x00007fff8c250000 - 0x00007fff8c278000 	C:\WINDOWS\SYSTEM32\bcrypt.dll
0x00007fff79f10000 - 0x00007fff7a03d000 	C:\WINDOWS\SYSTEM32\textinputframework.dll
0x00007fff8bad0000 - 0x00007fff8badc000 	C:\WINDOWS\SYSTEM32\CRYPTBASE.dll
0x0000000064d40000 - 0x0000000064d59000 	C:\Program Files\Java\jdk1.7.0_11\jre\bin\net.dll
0x00007fff8b950000 - 0x00007fff8b9b9000 	C:\WINDOWS\system32\mswsock.dll
0x00007fff87670000 - 0x00007fff87687000 	C:\WINDOWS\system32\napinsp.dll
0x00007fff31710000 - 0x00007fff3172b000 	C:\WINDOWS\system32\pnrpnsp.dll
0x00007fff8c490000 - 0x00007fff8c583000 	C:\WINDOWS\SYSTEM32\DNSAPI.dll
0x00007fff8c430000 - 0x00007fff8c45d000 	C:\WINDOWS\SYSTEM32\IPHLPAPI.DLL
0x00007fff8e2c0000 - 0x00007fff8e2c9000 	C:\WINDOWS\System32\NSI.dll
0x00007fff316f0000 - 0x00007fff31701000 	C:\WINDOWS\System32\winrnr.dll
0x00007fff82cc0000 - 0x00007fff82cd5000 	C:\WINDOWS\system32\wshbth.dll
0x00007fff316c0000 - 0x00007fff316e1000 	C:\WINDOWS\system32\nlansp_c.dll
0x00007fff78830000 - 0x00007fff7883a000 	C:\Windows\System32\rasadhlp.dll
0x00007fff813e0000 - 0x00007fff81464000 	C:\WINDOWS\System32\fwpuclnt.dll
0x0000000064d20000 - 0x0000000064d31000 	C:\Program Files\Java\jdk1.7.0_11\jre\bin\nio.dll
0x00007fff892a0000 - 0x00007fff893d3000 	C:\WINDOWS\SYSTEM32\CoreMessaging.dll
0x00007fff85d70000 - 0x00007fff860dc000 	C:\WINDOWS\SYSTEM32\CoreUIComponents.dll
0x00007fff8bd80000 - 0x00007fff8bebe000 	C:\WINDOWS\SYSTEM32\wintypes.dll
0x00007fff8f1d0000 - 0x00007fff8f280000 	C:\WINDOWS\System32\clbcatq.dll
0x000000006e740000 - 0x000000006fda5000 	C:\Users\dell\AppData\Local\Temp\xuggle\xuggle8782985311820169098.dll
0x00007fff7b840000 - 0x00007fff7b85a000 	C:\WINDOWS\SYSTEM32\AVICAP32.dll
0x00007fff7a380000 - 0x00007fff7a3ab000 	C:\WINDOWS\SYSTEM32\MSVFW32.dll
0x0000000064af0000 - 0x0000000064b31000 	C:\Program Files\Java\jdk1.7.0_11\jre\bin\t2k.dll
0x00007fff8b440000 - 0x00007fff8b66e000 	C:\WINDOWS\SYSTEM32\dbghelp.dll

VM Arguments:
jvm_args: -Dfile.encoding=UTF-8 
java_command: com.screen_recorder.JavaScreen_Recorder
Launcher Type: SUN_STANDARD

Environment Variables:
PATH=C:\WINDOWS\system32;C:\WINDOWS;C:\WINDOWS\System32\Wbem;C:\WINDOWS\System32\WindowsPowerShell\v1.0\;C:\WINDOWS\System32\OpenSSH\;C:\Program Files\PuTTY\;C:\Program Files\nodejs\;C:\Users\dell\AppData\Local\Microsoft\WindowsApps;C:\Users\dell\AppData\Local\Programs\Microsoft VS Code\bin;C:\Users\dell\AppData\Local\Programs\Python\Python311;C:\Users\dell\AppData\Local\Programs\Python\Python311\scripts\;C:\Users\dell\AppData\Roaming\npm
USERNAME=dell
OS=Windows_NT
PROCESSOR_IDENTIFIER=Intel64 Family 6 Model 126 Stepping 5, GenuineIntel



---------------  S Y S T E M  ---------------

OS: Windows 8 , 64 bit Build 9200 

CPU:total 4 (2 cores per cpu, 2 threads per core) family 6 model 126 stepping 5, cmov, cx8, fxsr, mmx, sse, sse2, sse3, ssse3, sse4.1, sse4.2, popcnt, avx, avx2, ht, tsc, tscinvbit

Memory: 4k page, physical 3956052k(327644k free), swap 12344660k(4124640k free)

vm_info: Java HotSpot(TM) 64-Bit Server VM (23.6-b04) for windows-amd64 JRE (1.7.0_11-b21), built on Jan 12 2013 02:38:42 by "java_re" with unknown MS VC++:1600

time: Mon May 29 14:35:50 2023
elapsed time: 475 seconds

